2024-10-17 10:23:17,965 [main] INFO Revord Store - Entering UserName
2024-10-17 10:25:57,459 [main] INFO Revord Store - Entering UserName
2024-10-17 10:29:46,678 [main] INFO Revords - Entering UserName
2024-10-17 10:33:28,381 [main] INFO Revords - Entering UserName
2024-10-17 10:39:59,674 [main] INFO Revords - Entering UserName
2024-10-17 10:42:49,808 [main] INFO Revords - Entering UserName
2024-10-17 10:45:20,696 [main] INFO Revords - Entering UserName
2024-10-17 10:56:11,188 [main] INFO Revords - Entering UserName
2024-10-17 11:01:02,005 [main] INFO Revords - Entering UserName
2024-10-17 11:13:31,677 [main] INFO Revords - Entering UserName
2024-10-17 11:13:34,443 [main] INFO Revords - Entering Password
2024-10-17 11:13:36,193 [main] INFO Revords - Clicking Login Button
2024-10-17 11:21:45,789 [main] INFO Revords - Entering UserName
2024-10-17 11:22:02,964 [main] INFO Revords - Entering Password
2024-10-17 11:22:04,678 [main] INFO Revords - Clicking Login Button
2024-10-17 11:30:23,307 [main] INFO Revords - Entering UserName
2024-10-17 11:30:26,016 [main] INFO Revords - Entering Password
2024-10-17 11:30:27,774 [main] INFO Revords - Clicking Login Button
2024-10-17 11:33:09,414 [main] INFO Revords - Entering UserName
2024-10-17 11:33:12,398 [main] INFO Revords - Entering Password
2024-10-17 11:33:14,135 [main] INFO Revords - Clicking Login Button
2024-10-17 11:39:02,756 [main] INFO Revords - Entering UserName
2024-10-17 11:39:05,478 [main] INFO Revords - Entering Password
2024-10-17 11:39:07,218 [main] INFO Revords - Clicking Login Button
2024-10-17 11:40:56,042 [main] INFO Revords - Entering UserName
2024-10-17 11:40:59,038 [main] INFO Revords - Entering Password
2024-10-17 11:41:00,752 [main] INFO Revords - Clicking Login Button
2024-10-17 11:47:40,167 [main] INFO Revords - Entering UserName
2024-10-17 11:47:43,045 [main] INFO Revords - Entering Password
2024-10-17 11:47:44,752 [main] INFO Revords - Clicking Login Button
2024-10-17 11:50:59,813 [main] INFO Revords - Entering UserName
2024-10-17 11:51:02,805 [main] INFO Revords - Entering Password
2024-10-17 11:51:04,523 [main] INFO Revords - Clicking Login Button
2024-10-17 11:59:23,406 [main] INFO Revords - Entering UserName
2024-10-17 11:59:26,084 [main] INFO Revords - Entering Password
2024-10-17 11:59:27,810 [main] INFO Revords - Clicking Login Button
2024-10-17 12:01:49,089 [main] INFO Revords - Entering UserName
2024-10-17 12:01:51,666 [main] INFO Revords - Entering Password
2024-10-17 12:06:31,966 [main] INFO Revords - Entering UserName
2024-10-17 12:06:34,900 [main] INFO Revords - Entering Password
2024-10-17 12:06:36,617 [main] INFO Revords - Clicking Login Button
2024-10-17 12:12:16,368 [main] INFO Revords - Entering UserName
2024-10-17 12:12:19,572 [main] INFO Revords - Entering Password
2024-10-17 12:12:21,293 [main] INFO Revords - Clicking Login Button
2024-10-17 12:15:52,802 [main] INFO Revords - Entering UserName
2024-10-17 12:15:55,313 [main] INFO Revords - Entering Password
2024-10-17 12:15:57,059 [main] INFO Revords - Clicking Login Button
2024-10-17 12:18:25,329 [main] INFO Revords - Entering UserName
2024-10-17 12:18:27,995 [main] INFO Revords - Entering Password
2024-10-17 12:18:29,779 [main] INFO Revords - Clicking Login Button
2024-10-17 12:20:28,387 [main] INFO Revords - Entering UserName
2024-10-17 12:20:31,130 [main] INFO Revords - Entering Password
2024-10-17 12:20:32,890 [main] INFO Revords - Clicking Login Button
2024-10-17 12:24:28,782 [main] INFO Revords - Entering UserName
2024-10-17 12:24:32,259 [main] INFO Revords - Entering Password
2024-10-17 12:24:34,005 [main] INFO Revords - Clicking Login Button
2024-10-17 12:28:01,670 [main] INFO Revords - Entering UserName
2024-10-17 12:28:04,935 [main] INFO Revords - Entering Password
2024-10-17 12:28:06,711 [main] INFO Revords - Clicking Login Button
2024-10-17 12:37:05,304 [main] INFO Revords - Entering UserName
2024-10-17 12:37:09,287 [main] INFO Revords - Entering Password
2024-10-17 12:37:11,007 [main] INFO Revords - Clicking Login Button
2024-10-17 13:58:21,445 [main] INFO Revords - Entering UserName
2024-10-17 13:58:26,619 [main] INFO Revords - Entering Password
2024-10-17 13:58:28,438 [main] INFO Revords - Clicking Login Button
2024-10-18 09:42:32,054 [main] INFO Revords - Entering UserName
2024-10-18 09:42:34,726 [main] INFO Revords - Entering Password
2024-10-18 09:42:36,481 [main] INFO Revords - Clicking Login Button
2024-10-18 09:52:22,577 [main] INFO Revords - Entering UserName
2024-10-18 09:52:25,038 [main] INFO Revords - Entering Password
2024-10-18 09:52:26,845 [main] INFO Revords - Clicking Login Button
2024-10-18 09:55:31,960 [main] INFO Revords - Entering UserName
2024-10-18 09:55:34,289 [main] INFO Revords - Entering Password
2024-10-18 09:55:36,020 [main] INFO Revords - Clicking Login Button
2024-10-18 09:58:14,078 [main] INFO Revords - Entering UserName
2024-10-18 09:58:16,950 [main] INFO Revords - Entering Password
2024-10-18 09:58:18,685 [main] INFO Revords - Clicking Login Button
2024-10-18 10:56:26,174 [main] INFO Revords - Entering UserName
2024-10-18 10:56:29,700 [main] INFO Revords - Entering Password
2024-10-18 10:56:31,426 [main] INFO Revords - Clicking Login Button
2024-10-18 11:08:07,379 [main] INFO Revords - Entering UserName
2024-10-18 11:08:10,444 [main] INFO Revords - Entering Password
2024-10-18 11:08:12,202 [main] INFO Revords - Clicking Login Button
2024-10-18 13:25:52,436 [main] INFO Revords - Entering UserName
2024-10-18 13:25:56,443 [main] INFO Revords - Entering Password
2024-10-18 13:25:58,237 [main] INFO Revords - Clicking Login Button
2024-10-18 13:49:52,090 [main] INFO Revords - Entering UserName
2024-10-18 13:49:56,044 [main] INFO Revords - Entering Password
2024-10-18 13:49:57,788 [main] INFO Revords - Clicking Login Button
2024-10-21 09:40:25,037 [main] INFO Revords - Entering UserName
2024-10-21 09:40:28,592 [main] INFO Revords - Entering Password
2024-10-21 09:40:30,327 [main] INFO Revords - Clicking Login Button
2024-10-21 09:54:56,047 [main] INFO Revords - Entering UserName
2024-10-21 09:54:59,757 [main] INFO Revords - Entering Password
2024-10-21 09:55:01,449 [main] INFO Revords - Clicking Login Button
2024-10-21 12:00:47,791 [main] INFO Revords - Login Successfull!!!! TC Passed
2024-10-21 12:03:43,941 [main] INFO Revords - Login Successfull!!!! TC Passed
2024-10-21 12:10:06,219 [main] INFO Revords - Login Successfull!!!! TC Passed
2024-10-21 12:11:59,933 [main] INFO Revords - Login Successfull!!!! TC Passed
2024-10-21 12:13:51,679 [main] INFO Revords - Login Successfull!!!! TC Passed
2024-10-21 12:15:33,885 [main] INFO Revords - Login Successfull!!!! TC Passed
2024-10-21 12:17:21,584 [main] INFO Revords - Login Successfull!!!! TC Passed
2024-10-21 12:19:51,733 [main] INFO Revords - Login Successfull!!!! TC Passed
2024-10-21 12:27:07,617 [main] INFO Revords - Login Successfull!!!! TC Passed
2024-10-21 12:29:29,188 [main] INFO Revords - Login Successfull!!!! TC Passed
2024-10-21 12:31:12,409 [main] INFO Revords - Login Successfull!!!! TC Passed
2024-10-21 12:33:19,608 [main] INFO Revords - Login Successfull!!!! TC Passed
2024-10-21 12:35:15,464 [main] INFO Revords - Login Successfull!!!! TC Passed
2024-10-21 12:36:34,368 [main] INFO Revords - Both Date and activity Dropdown is visible and Clicked Successfully, TC Passed
2024-10-21 12:57:04,465 [main] INFO Revords - Login Successfull!!!! TC Passed
2024-10-21 12:57:07,747 [main] INFO Revords - User Landed on Dashboard Page Successfully.TC Passed!!!!
2024-10-21 12:57:13,060 [main] INFO Revords - Rewards are Visible on DashBoard Page!!!!
2024-10-21 12:57:13,263 [main] INFO Revords - Landed on History Page Successfully
2024-10-21 12:57:43,431 [main] INFO Revords - Unable to locate Search User Text Field
2024-10-21 12:58:35,088 [main] INFO Revords - User's Details Are Not Visible
2024-10-21 12:59:20,131 [main] INFO Revords - Guest User not Added!!! Need to delete existing Guest user first
2024-10-21 12:59:38,599 [main] INFO Revords - User Name is :- User 2749
2024-10-21 12:59:39,143 [main] INFO Revords - 0 reward
2024-10-21 12:59:39,346 [main] INFO Revords - 0
2024-10-21 12:59:39,504 [main] INFO Revords - 577
2024-10-21 12:59:40,565 [main] INFO Revords - User Signout SuccessFully
2024-10-21 13:01:01,385 [main] INFO Revords - Both Date and activity Dropdown is visible and Clickable, TC Passed
2024-10-21 13:10:50,446 [main] INFO Revords - Login Successfull!!!! TC Passed
2024-10-21 13:11:00,914 [main] INFO Revords - UserName is :- User 2749
2024-10-21 13:11:01,126 [main] INFO Revords - User is Member Since :- Member Since Feb 26, 2022
2024-10-21 13:11:01,340 [main] INFO Revords - user's Current Points :- 577 Current Point
2024-10-21 13:11:01,590 [main] INFO Revords - User's LifeTime Points :- 577 Lifetime Point
2024-10-21 13:11:01,764 [main] INFO Revords - User's PhoneNumber is :- (630) 361-2749
2024-10-21 13:11:01,887 [main] INFO Revords - Is Email Field Present :- true
2024-10-21 13:11:02,011 [main] INFO Revords - Is Notes Field Present :- true
2024-10-21 13:30:23,488 [main] INFO Revords - Login Successfull!!!! TC Passed
2024-10-21 13:34:36,941 [main] INFO Revords - Login Successfull!!!! TC Passed
2024-10-21 13:44:36,656 [main] INFO Revords - Login Successfull!!!! TC Passed
2024-10-21 13:47:09,926 [main] INFO Revords - Login Successfull!!!! TC Passed
2024-10-21 14:00:04,938 [main] INFO Revords - Login Successfull!!!! TC Passed
2024-10-21 14:03:59,817 [main] INFO Revords - Login Successfull!!!! TC Passed
2024-10-21 14:08:00,234 [main] INFO Revords - Login Successfull!!!! TC Passed
2024-10-21 14:12:00,322 [main] INFO Revords - Login Successfull!!!! TC Passed
2024-10-21 14:21:50,530 [main] INFO Revords - Login Successfull!!!! TC Passed
2024-10-21 14:21:53,277 [main] INFO Revords - User Landed on Dashboard Page Successfully.TC Passed!!!!
2024-10-21 14:21:56,323 [main] INFO Revords - Rewards are Visible on DashBoard Page!!!!
2024-10-21 14:21:56,567 [main] INFO Revords - Landed on History Page Successfully
2024-10-21 14:22:26,615 [main] INFO Revords - Unable to locate Search User Text Field
2024-10-21 14:23:19,072 [main] INFO Revords - User's Details Are Not Visible
2024-10-21 14:24:04,105 [main] INFO Revords - Guest User not Added!!! Need to delete existing Guest user first
2024-10-21 14:24:22,793 [main] INFO Revords - User Name is :- User 2749
2024-10-21 14:24:23,047 [main] INFO Revords - 
2024-10-21 14:24:23,706 [main] INFO Revords - 578
2024-10-21 14:26:08,670 [main] INFO Revords - Both Date and activity Dropdown is visible and Clickable, TC Passed
2024-10-21 14:26:43,987 [main] INFO Revords - Entering UserName
2024-10-21 14:26:48,599 [main] INFO Revords - Entering Password
2024-10-21 14:26:50,645 [main] INFO Revords - Clicking Login Button
2024-10-22 09:38:25,308 [main] INFO Revords - Entering UserName
2024-10-22 09:38:28,041 [main] INFO Revords - Entering Password
2024-10-22 09:38:29,895 [main] INFO Revords - Clicking Login Button
2024-10-22 09:39:44,598 [main] INFO Revords - User is editable from Histroy List
2024-10-22 09:42:28,938 [main] INFO Revords - Entering UserName
2024-10-22 09:42:31,687 [main] INFO Revords - Entering Password
2024-10-22 09:42:33,547 [main] INFO Revords - Clicking Login Button
2024-10-22 09:43:45,818 [main] INFO Revords - User is editable from Histroy List
2024-10-22 09:46:19,887 [main] INFO Revords - Entering UserName
2024-10-22 09:46:25,101 [main] INFO Revords - Entering Password
2024-10-22 09:46:26,974 [main] INFO Revords - Clicking Login Button
2024-10-22 09:47:44,250 [main] INFO Revords - User is editable from Histroy List
2024-10-22 09:50:52,798 [main] INFO Revords - Entering UserName
2024-10-22 09:50:55,754 [main] INFO Revords - Entering Password
2024-10-22 09:50:57,658 [main] INFO Revords - Clicking Login Button
2024-10-22 09:57:15,919 [main] INFO Revords - Entering UserName
2024-10-22 09:57:18,884 [main] INFO Revords - Entering Password
2024-10-22 09:57:20,722 [main] INFO Revords - Clicking Login Button
2024-10-22 10:11:03,875 [main] INFO Revords - User is not editable from History list
2024-10-22 10:11:03,887 [main] INFO Revords - Entering UserName
2024-10-22 10:11:05,709 [main] INFO Revords - Entering Password
2024-10-22 10:11:07,603 [main] INFO Revords - Clicking Login Button
2024-10-22 10:26:59,285 [main] INFO Revords - User is not editable from History list
2024-10-22 10:26:59,298 [main] INFO Revords - Entering UserName
2024-10-22 10:27:01,103 [main] INFO Revords - Entering Password
2024-10-22 10:27:02,960 [main] INFO Revords - Clicking Login Button
2024-10-22 10:28:29,659 [main] INFO Revords - Wifi Disabled
2024-10-22 10:28:29,833 [main] INFO Revords - Cellular Data Disabled
2024-10-22 10:28:39,304 [main] INFO Revords - Wifi Enabled
2024-10-22 10:59:12,923 [main] INFO Revords - Login Successfull!!!! TC Passed
2024-10-22 10:59:15,986 [main] INFO Revords - User Landed on Dashboard Page Successfully.TC Passed!!!!
2024-10-22 10:59:20,098 [main] INFO Revords - Rewards are Visible on DashBoard Page!!!!
2024-10-22 10:59:20,686 [main] INFO Revords - Landed on History Page Successfully
2024-10-22 10:59:50,761 [main] INFO Revords - Unable to locate Search User Text Field
2024-10-22 11:00:40,671 [main] INFO Revords - User's Details Are Not Visible
2024-10-22 11:01:25,701 [main] INFO Revords - Guest User not Added!!! Need to delete existing Guest user first
2024-10-22 11:01:35,434 [main] INFO Revords - User Name is :- User 2749
2024-10-22 11:01:35,561 [main] INFO Revords - 0 reward
2024-10-22 11:01:36,163 [main] INFO Revords - 0
2024-10-22 11:01:36,274 [main] INFO Revords - 595
2024-10-22 11:01:37,260 [main] INFO Revords - User Signout SuccessFully
2024-10-22 11:02:56,288 [main] INFO Revords - Both Date and activity Dropdown is visible and Clickable, TC Passed
2024-10-22 11:03:47,600 [main] INFO Revords - User is not editable from History list
2024-10-22 11:03:47,604 [main] INFO Revords - Entering UserName
2024-10-22 11:03:49,358 [main] INFO Revords - Entering Password
2024-10-22 11:03:49,612 [main] INFO Revords - Clicking Login Button
2024-10-22 11:05:08,635 [main] INFO Revords - Mobile Number Entered Successfully
2024-10-22 11:05:12,662 [main] INFO Revords - New User Created successfully using mobile number
2024-10-22 11:05:12,782 [main] INFO Revords - Wifi Disabled
2024-10-22 11:05:12,961 [main] INFO Revords - Cellular Data Disabled
2024-10-22 11:05:19,317 [main] INFO Revords - Connection Lost/No Network Available
2024-10-22 11:05:21,437 [main] INFO Revords - Wifi Enabled
2024-10-22 11:05:26,617 [main] INFO Revords - cellure data enabled
2024-10-22 11:05:35,596 [main] INFO Revords - Connection Restored
2024-10-22 11:43:40,769 [main] INFO Revords - Login Successfull!!!! TC Passed
2024-10-22 11:43:43,537 [main] INFO Revords - User Landed on Dashboard Page Successfully.TC Passed!!!!
2024-10-22 11:43:48,118 [main] INFO Revords - Rewards are Visible on DashBoard Page!!!!
2024-10-22 11:43:48,267 [main] INFO Revords - Landed on History Page Successfully
2024-10-22 11:44:18,410 [main] INFO Revords - Unable to locate Search User Text Field
2024-10-22 11:45:09,272 [main] INFO Revords - User's Details Are Not Visible
2024-10-22 11:45:53,760 [main] INFO Revords - Guest User not Added!!! Need to delete existing Guest user first
2024-10-22 11:46:03,963 [main] INFO Revords - User Name is :- User 2749
2024-10-22 11:46:04,133 [main] INFO Revords - Total Summary Rewards:- 0 reward
2024-10-22 11:46:04,680 [main] INFO Revords - Total Earned Points:- 0
2024-10-22 11:46:04,827 [main] INFO Revords - Summary Total:- 596
2024-10-22 11:46:05,790 [main] INFO Revords - User Signout SuccessFully
2024-10-22 11:47:21,776 [main] INFO Revords - Both Date and activity Dropdown is visible and Clickable, TC Passed
2024-10-22 11:48:12,423 [main] INFO Revords - User is not editable from History list
2024-10-22 11:48:12,425 [main] INFO Revords - Entering UserName
2024-10-22 11:48:14,199 [main] INFO Revords - Entering Password
2024-10-22 11:48:14,491 [main] INFO Revords - Clicking Login Button
2024-10-22 11:49:40,827 [main] INFO Revords - Mobile Number Entered Successfully
2024-10-22 11:49:44,919 [main] INFO Revords - New User Created successfully using mobile number
2024-10-22 11:49:45,018 [main] INFO Revords - Wifi Disabled
2024-10-22 11:49:45,131 [main] INFO Revords - Cellular Data Disabled
2024-10-22 11:49:51,539 [main] INFO Revords - Connection Lost/No Network Available
2024-10-22 11:49:53,632 [main] INFO Revords - Wifi Enabled
2024-10-22 11:49:58,772 [main] INFO Revords - cellure data enabled
2024-10-22 11:50:08,118 [main] INFO Revords - Connection Restored
2024-10-23 13:50:42,132 [main] INFO Revords - Login Unsuccessfull !!!! TC Failed
2024-10-23 13:54:23,684 [main] INFO Revords - User is not editable from History list
2024-10-23 13:54:23,693 [main] INFO Revords - Entering UserName
2024-10-23 13:54:25,438 [main] INFO Revords - Entering Password
2024-10-23 13:54:25,701 [main] INFO Revords - Clicking Login Button
2024-10-23 13:56:09,530 [main] INFO Revords - Mobile Number Entered Successfully
2024-10-23 13:56:13,223 [main] INFO Revords - New User Created successfully using mobile number
2024-10-23 14:00:03,488 [main] INFO Revords - Login Successfull!!!! TC Passed
2024-10-23 14:00:06,177 [main] INFO Revords - User Landed on Dashboard Page Successfully.TC Passed!!!!
2024-10-23 14:00:09,692 [main] INFO Revords - Rewards are Visible on DashBoard Page!!!!
2024-10-23 14:00:09,838 [main] INFO Revords - Landed on History Page Successfully
2024-10-23 14:00:39,911 [main] INFO Revords - Unable to locate Search User Text Field
2024-10-23 14:01:29,297 [main] INFO Revords - User's Details Are Not Visible
2024-10-24 09:54:21,009 [main] INFO Revords - App Installation status :- true
2024-10-24 09:54:48,468 [main] INFO Revords - Login Failed!!!! Due to invalid credentials
2024-10-24 09:54:54,503 [main] INFO Revords - Customer logged in successfully & Landed on Enter Information Page
2024-10-24 09:55:05,648 [main] INFO Revords - Customer Unable to SignIn with less then 10 digit mobile number
2024-10-24 09:55:05,893 [main] INFO Revords - Terms And Conditions link is visible  true
2024-10-24 09:55:07,313 [main] INFO Revords - Customer landed on Terms AND Conditions Page
2024-10-24 09:55:19,020 [main] INFO Revords - Entered Customer Name on Information Page
2024-10-24 09:55:19,780 [main] INFO Revords - Entered Customer Email ID on Information Page
2024-10-24 09:55:20,939 [main] INFO Revords - Opt-in And Opt-out Radio Buttons are visible and clickable
2024-10-24 10:07:09,695 [main] INFO Revords - Login Successfull!!!! TC Passed
2024-10-24 10:07:12,349 [main] INFO Revords - User Landed on Dashboard Page Successfully.TC Passed!!!!
2024-10-24 10:07:16,350 [main] INFO Revords - Rewards are Visible on DashBoard Page!!!!
2024-10-24 10:07:17,072 [main] INFO Revords - Landed on History Page Successfully
2024-10-24 10:07:47,284 [main] INFO Revords - Unable to locate Search User Text Field
2024-10-24 10:09:55,553 [main] INFO Revords - User's Details Are Not Visible
2024-10-24 10:10:41,154 [main] INFO Revords - Guest User not Added!!! Need to delete existing Guest user first
2024-10-24 10:10:50,688 [main] INFO Revords - User Name is :- User 2749
2024-10-24 10:10:50,816 [main] INFO Revords - Total Summary Rewards:- 0 reward
2024-10-24 10:10:51,429 [main] INFO Revords - Total Earned Points:- 0
2024-10-24 10:10:51,524 [main] INFO Revords - Summary Total:- 636
2024-10-24 10:10:52,553 [main] INFO Revords - User Signout SuccessFully
2024-10-24 10:11:57,122 [main] INFO Revords - Both Date and activity Dropdown is visible and Clickable, TC Passed
2024-10-24 10:13:24,273 [main] INFO Revords - App Installation status :- true
2024-10-24 10:13:29,266 [main] INFO Revords - Login Failed!!!! Due to invalid credentials
2024-10-24 10:13:34,073 [main] INFO Revords - Customer logged in successfully & Landed on Enter Information Page
2024-10-24 10:13:45,864 [main] INFO Revords - Customer Unable to SignIn with less then 10 digit mobile number
2024-10-24 10:13:46,056 [main] INFO Revords - Terms And Conditions link is visible  true
2024-10-24 10:13:47,277 [main] INFO Revords - Customer landed on Terms AND Conditions Page
2024-10-24 10:13:57,448 [main] INFO Revords - Entered Customer Name on Information Page
2024-10-24 10:13:59,364 [main] INFO Revords - Entered Customer Email ID on Information Page
2024-10-24 10:14:01,422 [main] INFO Revords - Opt-in And Opt-out Radio Buttons are visible and clickable
2024-10-24 13:53:22,460 [main] INFO Revords - App Installation status :- true
2024-10-24 13:53:28,964 [main] INFO Revords - Login Failed!!!! Due to invalid credentials
2024-10-24 13:53:35,167 [main] INFO Revords - Customer logged in successfully
2024-10-24 13:53:35,168 [main] INFO Revords - Customer logged in successfully & Landed on Enter Information Page
2024-10-24 13:53:48,297 [main] INFO Revords - Customer Unable to SignIn with less then 10 digit mobile number
2024-10-24 13:53:48,660 [main] INFO Revords - Terms And Conditions link is visible  true
2024-10-24 13:53:50,145 [main] INFO Revords - Customer landed on Terms AND Conditions Page
2024-10-24 13:53:50,313 [main] INFO Revords - Terms and Conditions Page is Closed
2024-10-24 13:54:02,175 [main] INFO Revords - Customer is logged in Successfully using 10 digit Mobile Number
2024-10-24 13:54:02,175 [main] INFO Revords - Customer is redirected to Enter Information Page
2024-10-24 13:54:03,115 [main] INFO Revords - Entered Customer Name on Information Page
2024-10-24 13:54:05,338 [main] INFO Revords - Entered Customer Email ID on Information Page
2024-10-24 13:55:40,036 [main] INFO Revords - App Installation status :- true
2024-10-24 13:55:56,909 [main] INFO Revords - Login Failed!!!! Due to invalid credentials
2024-10-24 13:56:02,796 [main] INFO Revords - Customer logged in successfully
2024-10-24 13:56:02,796 [main] INFO Revords - Customer logged in successfully & Landed on Enter Information Page
2024-10-24 13:57:02,679 [main] INFO Revords - App Installation status :- true
2024-10-24 13:57:10,247 [main] INFO Revords - Login Failed!!!! Due to invalid credentials
2024-10-24 13:57:16,032 [main] INFO Revords - Customer logged in successfully
2024-10-24 13:57:16,033 [main] INFO Revords - Customer logged in successfully & Landed on Enter Information Page
2024-10-24 13:58:53,147 [main] INFO Revords - App Installation status :- true
2024-10-24 13:59:00,878 [main] INFO Revords - Login Failed!!!! Due to invalid credentials
2024-10-24 13:59:06,651 [main] INFO Revords - Customer logged in successfully
2024-10-24 13:59:06,652 [main] INFO Revords - Customer logged in successfully & Landed on Enter Information Page
2024-10-24 13:59:20,238 [main] INFO Revords - Customer Unable to SignIn with less then 10 digit mobile number
2024-10-24 13:59:20,576 [main] INFO Revords - Terms And Conditions link is visible  true
2024-10-24 13:59:22,236 [main] INFO Revords - Customer landed on Terms AND Conditions Page
2024-10-24 13:59:22,471 [main] INFO Revords - Terms and Conditions Page is Closed
2024-10-24 13:59:34,471 [main] INFO Revords - Customer is logged in Successfully using 10 digit Mobile Number
2024-10-24 13:59:34,472 [main] INFO Revords - Customer is redirected to Enter Information Page
2024-10-24 13:59:35,378 [main] INFO Revords - Entered Customer Name on Information Page
2024-10-24 13:59:37,643 [main] INFO Revords - Entered Customer Email ID on Information Page
2024-10-24 13:59:39,152 [main] INFO Revords - Customer clicked on Month DropDown
2024-10-24 14:01:32,978 [main] INFO Revords - App Installation status :- true
2024-10-24 14:01:39,809 [main] INFO Revords - Login Failed!!!! Due to invalid credentials
2024-10-24 14:01:45,575 [main] INFO Revords - Customer logged in successfully
2024-10-24 14:01:45,575 [main] INFO Revords - Customer logged in successfully & Landed on Enter Information Page
2024-10-24 14:01:58,059 [main] INFO Revords - Customer Unable to SignIn with less then 10 digit mobile number
2024-10-24 14:01:58,355 [main] INFO Revords - Terms And Conditions link is visible  true
2024-10-24 14:01:59,819 [main] INFO Revords - Customer landed on Terms AND Conditions Page
2024-10-24 14:02:00,086 [main] INFO Revords - Terms and Conditions Page is Closed
2024-10-24 14:02:11,754 [main] INFO Revords - Customer is logged in Successfully using 10 digit Mobile Number
2024-10-24 14:02:11,755 [main] INFO Revords - Customer is redirected to Enter Information Page
2024-10-24 14:02:12,533 [main] INFO Revords - Entered Customer Name on Information Page
2024-10-24 14:02:15,253 [main] INFO Revords - Entered Customer Email ID on Information Page
2024-10-24 14:02:16,296 [main] INFO Revords - Customer clicked on Month DropDown
2024-10-24 14:02:18,575 [main] INFO Revords - Customer choosed Birth Month
2024-10-24 14:02:19,584 [main] INFO Revords - Customer clicked on Datedrop Down
2024-10-24 14:02:20,821 [main] INFO Revords - Customer Choosed birth date
2024-10-24 14:02:23,147 [main] INFO Revords - Opt-in And Opt-out Radio Buttons are visible and clickable
2024-10-24 14:02:23,763 [main] INFO Revords - Customer Age CheckBox checked Successfully
2024-10-24 14:02:24,329 [main] INFO Revords - Lets Start Button is Clicked
2024-10-24 14:02:25,178 [main] INFO Revords - Clicked Cancel Button from POPUP
2024-10-24 14:04:26,403 [main] INFO Revords - Login Successfull!!!! TC Passed
2024-10-24 14:04:29,039 [main] INFO Revords - User Landed on Dashboard Page Successfully.TC Passed!!!!
2024-10-24 14:04:49,155 [main] INFO Revords - Couldnt Found any Rewards on dashboard
2024-10-24 14:04:49,356 [main] INFO Revords - Landed on History Page Successfully
2024-10-24 14:05:19,466 [main] INFO Revords - Unable to locate Search User Text Field
2024-10-24 14:05:46,306 [main] INFO Revords - User's Details Are Not Visible
2024-10-24 14:06:31,503 [main] INFO Revords - Guest User not Added!!! Need to delete existing Guest user first
2024-10-24 14:06:41,952 [main] INFO Revords - User Name is :- User 2749
2024-10-24 14:06:42,513 [main] INFO Revords - Total Summary Rewards:- 0 reward
2024-10-24 14:06:42,773 [main] INFO Revords - Total Earned Points:- 1
2024-10-24 14:06:42,921 [main] INFO Revords - Summary Total:- 638
2024-10-24 14:06:44,654 [main] INFO Revords - User Signout SuccessFully
2024-10-24 14:08:32,420 [main] INFO Revords - Both Date and activity Dropdown are not interactable, TC Failed
2024-10-24 14:09:27,247 [main] INFO Revords - User is not editable from History list
2024-10-24 14:09:27,250 [main] INFO Revords - Entering UserName
2024-10-24 14:09:29,066 [main] INFO Revords - Entering Password
2024-10-24 14:09:29,398 [main] INFO Revords - Clicking Login Button
2024-10-24 14:11:33,957 [main] INFO Revords - Mobile Number Entered Successfully
2024-10-24 14:12:31,316 [main] INFO Revords - App Installation status :- true
2024-10-24 14:12:39,058 [main] INFO Revords - Login Failed!!!! Due to invalid credentials
2024-10-24 14:12:44,656 [main] INFO Revords - Customer logged in successfully
2024-10-24 14:12:44,657 [main] INFO Revords - Customer logged in successfully & Landed on Enter Information Page
2024-10-24 14:12:57,086 [main] INFO Revords - Customer Unable to SignIn with less then 10 digit mobile number
2024-10-24 14:12:57,360 [main] INFO Revords - Terms And Conditions link is visible  true
2024-10-24 14:12:58,703 [main] INFO Revords - Customer landed on Terms AND Conditions Page
2024-10-24 14:12:58,870 [main] INFO Revords - Terms and Conditions Page is Closed
2024-10-24 14:13:10,040 [main] INFO Revords - Customer is logged in Successfully using 10 digit Mobile Number
2024-10-24 14:13:10,040 [main] INFO Revords - Customer is redirected to Enter Information Page
2024-10-24 14:13:10,883 [main] INFO Revords - Entered Customer Name on Information Page
2024-10-24 14:13:12,145 [main] INFO Revords - Entered Customer Email ID on Information Page
2024-10-24 14:13:14,542 [main] INFO Revords - Customer clicked on Month DropDown
2024-10-24 14:13:16,823 [main] INFO Revords - Customer choosed Birth Month
2024-10-24 14:13:17,830 [main] INFO Revords - Customer clicked on Datedrop Down
2024-10-24 14:13:18,891 [main] INFO Revords - Customer Choosed birth date
2024-10-24 14:13:20,977 [main] INFO Revords - Opt-in And Opt-out Radio Buttons are visible and clickable
2024-10-24 14:13:21,657 [main] INFO Revords - Customer Age CheckBox checked Successfully
2024-10-24 14:13:22,163 [main] INFO Revords - Lets Start Button is Clicked
2024-10-24 14:13:22,957 [main] INFO Revords - Clicked Cancel Button from POPUP
2024-10-25 09:40:31,381 [main] INFO Revords - Customer landed on Terms AND Conditions Page
2024-10-25 09:48:38,860 [main] INFO Revords - Customer landed on Terms AND Conditions Page
2024-10-25 09:53:06,411 [main] INFO Revords - Customer landed on Terms AND Conditions Page
