2024-10-17 10:23:17,965 - Revord Store -INFO - Entering UserName
2024-10-17 10:25:57,459 - Revord Store -INFO - Entering UserName
2024-10-17 10:29:46,678 - Revords -INFO - Entering UserName
2024-10-17 10:33:28,381 - Revords -INFO - Entering UserName
2024-10-17 10:39:59,674 - Revords -INFO - Entering UserName
2024-10-17 10:42:49,808 - Revords -INFO - Entering UserName
2024-10-17 10:45:20,696 - Revords -INFO - Entering UserName
2024-10-17 10:56:11,188 - Revords -INFO - Entering UserName
2024-10-17 11:01:02,005 - Revords -INFO - Entering UserName
2024-10-17 11:13:31,677 - Revords -INFO - Entering UserName
2024-10-17 11:13:34,443 - Revords -INFO - Entering Password
2024-10-17 11:13:36,193 - Revords -INFO - Clicking Login Button
2024-10-17 11:21:45,789 - Revords -INFO - Entering UserName
2024-10-17 11:22:02,964 - Revords -INFO - Entering Password
2024-10-17 11:22:04,678 - Revords -INFO - Clicking Login Button
2024-10-17 11:30:23,307 - Revords -INFO - Entering UserName
2024-10-17 11:30:26,016 - Revords -INFO - Entering Password
2024-10-17 11:30:27,774 - Revords -INFO - Clicking Login Button
2024-10-17 11:33:09,414 - Revords -INFO - Entering UserName
2024-10-17 11:33:12,398 - Revords -INFO - Entering Password
2024-10-17 11:33:14,135 - Revords -INFO - Clicking Login Button
2024-10-17 11:39:02,756 - Revords -INFO - Entering UserName
2024-10-17 11:39:05,478 - Revords -INFO - Entering Password
2024-10-17 11:39:07,218 - Revords -INFO - Clicking Login Button
2024-10-17 11:40:56,042 - Revords -INFO - Entering UserName
2024-10-17 11:40:59,038 - Revords -INFO - Entering Password
2024-10-17 11:41:00,752 - Revords -INFO - Clicking Login Button
2024-10-17 11:47:40,167 - Revords -INFO - Entering UserName
2024-10-17 11:47:43,045 - Revords -INFO - Entering Password
2024-10-17 11:47:44,752 - Revords -INFO - Clicking Login Button
2024-10-17 11:50:59,813 - Revords -INFO - Entering UserName
2024-10-17 11:51:02,805 - Revords -INFO - Entering Password
2024-10-17 11:51:04,523 - Revords -INFO - Clicking Login Button
2024-10-17 11:59:23,406 - Revords -INFO - Entering UserName
2024-10-17 11:59:26,084 - Revords -INFO - Entering Password
2024-10-17 11:59:27,810 - Revords -INFO - Clicking Login Button
2024-10-17 12:01:49,089 - Revords -INFO - Entering UserName
2024-10-17 12:01:51,666 - Revords -INFO - Entering Password
2024-10-17 12:06:31,966 - Revords -INFO - Entering UserName
2024-10-17 12:06:34,900 - Revords -INFO - Entering Password
2024-10-17 12:06:36,617 - Revords -INFO - Clicking Login Button
2024-10-17 12:12:16,368 - Revords -INFO - Entering UserName
2024-10-17 12:12:19,572 - Revords -INFO - Entering Password
2024-10-17 12:12:21,293 - Revords -INFO - Clicking Login Button
2024-10-17 12:15:52,802 - Revords -INFO - Entering UserName
2024-10-17 12:15:55,313 - Revords -INFO - Entering Password
2024-10-17 12:15:57,059 - Revords -INFO - Clicking Login Button
2024-10-17 12:18:25,329 - Revords -INFO - Entering UserName
2024-10-17 12:18:27,995 - Revords -INFO - Entering Password
2024-10-17 12:18:29,779 - Revords -INFO - Clicking Login Button
2024-10-17 12:20:28,387 - Revords -INFO - Entering UserName
2024-10-17 12:20:31,130 - Revords -INFO - Entering Password
2024-10-17 12:20:32,890 - Revords -INFO - Clicking Login Button
2024-10-17 12:24:28,782 - Revords -INFO - Entering UserName
2024-10-17 12:24:32,259 - Revords -INFO - Entering Password
2024-10-17 12:24:34,005 - Revords -INFO - Clicking Login Button
2024-10-17 12:28:01,670 - Revords -INFO - Entering UserName
2024-10-17 12:28:04,935 - Revords -INFO - Entering Password
2024-10-17 12:28:06,711 - Revords -INFO - Clicking Login Button
2024-10-17 12:37:05,304 - Revords -INFO - Entering UserName
2024-10-17 12:37:09,287 - Revords -INFO - Entering Password
2024-10-17 12:37:11,007 - Revords -INFO - Clicking Login Button
2024-10-17 13:58:21,445 - Revords -INFO - Entering UserName
2024-10-17 13:58:26,619 - Revords -INFO - Entering Password
2024-10-17 13:58:28,438 - Revords -INFO - Clicking Login Button
2024-10-18 09:42:32,054 - Revords -INFO - Entering UserName
2024-10-18 09:42:34,726 - Revords -INFO - Entering Password
2024-10-18 09:42:36,481 - Revords -INFO - Clicking Login Button
2024-10-18 09:52:22,577 - Revords -INFO - Entering UserName
2024-10-18 09:52:25,038 - Revords -INFO - Entering Password
2024-10-18 09:52:26,845 - Revords -INFO - Clicking Login Button
2024-10-18 09:55:31,960 - Revords -INFO - Entering UserName
2024-10-18 09:55:34,289 - Revords -INFO - Entering Password
2024-10-18 09:55:36,020 - Revords -INFO - Clicking Login Button
2024-10-18 09:58:14,078 - Revords -INFO - Entering UserName
2024-10-18 09:58:16,950 - Revords -INFO - Entering Password
2024-10-18 09:58:18,685 - Revords -INFO - Clicking Login Button
2024-10-18 10:56:26,174 - Revords -INFO - Entering UserName
2024-10-18 10:56:29,700 - Revords -INFO - Entering Password
2024-10-18 10:56:31,426 - Revords -INFO - Clicking Login Button
2024-10-18 11:08:07,379 - Revords -INFO - Entering UserName
2024-10-18 11:08:10,444 - Revords -INFO - Entering Password
2024-10-18 11:08:12,202 - Revords -INFO - Clicking Login Button
2024-10-18 13:25:52,436 - Revords -INFO - Entering UserName
2024-10-18 13:25:56,443 - Revords -INFO - Entering Password
2024-10-18 13:25:58,237 - Revords -INFO - Clicking Login Button
2024-10-18 13:49:52,090 - Revords -INFO - Entering UserName
2024-10-18 13:49:56,044 - Revords -INFO - Entering Password
2024-10-18 13:49:57,788 - Revords -INFO - Clicking Login Button
2024-10-21 09:40:25,037 - Revords -INFO - Entering UserName
2024-10-21 09:40:28,592 - Revords -INFO - Entering Password
2024-10-21 09:40:30,327 - Revords -INFO - Clicking Login Button
2024-10-21 09:54:56,047 - Revords -INFO - Entering UserName
2024-10-21 09:54:59,757 - Revords -INFO - Entering Password
2024-10-21 09:55:01,449 - Revords -INFO - Clicking Login Button
2024-10-21 12:00:47,791 - Revords -INFO - Login Successfull!!!! TC Passed
2024-10-21 12:03:43,941 - Revords -INFO - Login Successfull!!!! TC Passed
2024-10-21 12:10:06,219 - Revords -INFO - Login Successfull!!!! TC Passed
2024-10-21 12:11:59,933 - Revords -INFO - Login Successfull!!!! TC Passed
2024-10-21 12:13:51,679 - Revords -INFO - Login Successfull!!!! TC Passed
2024-10-21 12:15:33,885 - Revords -INFO - Login Successfull!!!! TC Passed
2024-10-21 12:17:21,584 - Revords -INFO - Login Successfull!!!! TC Passed
2024-10-21 12:19:51,733 - Revords -INFO - Login Successfull!!!! TC Passed
2024-10-21 12:27:07,617 - Revords -INFO - Login Successfull!!!! TC Passed
2024-10-21 12:29:29,188 - Revords -INFO - Login Successfull!!!! TC Passed
2024-10-21 12:31:12,409 - Revords -INFO - Login Successfull!!!! TC Passed
2024-10-21 12:33:19,608 - Revords -INFO - Login Successfull!!!! TC Passed
2024-10-21 12:35:15,464 - Revords -INFO - Login Successfull!!!! TC Passed
2024-10-21 12:36:34,368 - Revords -INFO - Both Date and activity Dropdown is visible and Clicked Successfully, TC Passed
2024-10-21 12:57:04,465 - Revords -INFO - Login Successfull!!!! TC Passed
2024-10-21 12:57:07,747 - Revords -INFO - User Landed on Dashboard Page Successfully.TC Passed!!!!
2024-10-21 12:57:13,060 - Revords -INFO - Rewards are Visible on DashBoard Page!!!!
2024-10-21 12:57:13,263 - Revords -INFO - Landed on History Page Successfully
2024-10-21 12:57:43,431 - Revords -INFO - Unable to locate Search User Text Field
2024-10-21 12:58:35,088 - Revords -INFO - User's Details Are Not Visible
2024-10-21 12:59:20,131 - Revords -INFO - Guest User not Added!!! Need to delete existing Guest user first
2024-10-21 12:59:38,599 - Revords -INFO - User Name is :- User 2749
2024-10-21 12:59:39,143 - Revords -INFO - 0 reward
2024-10-21 12:59:39,346 - Revords -INFO - 0
2024-10-21 12:59:39,504 - Revords -INFO - 577
2024-10-21 12:59:40,565 - Revords -INFO - User Signout SuccessFully
2024-10-21 13:01:01,385 - Revords -INFO - Both Date and activity Dropdown is visible and Clickable, TC Passed
2024-10-21 13:10:50,446 - Revords -INFO - Login Successfull!!!! TC Passed
2024-10-21 13:11:00,914 - Revords -INFO - UserName is :- User 2749
2024-10-21 13:11:01,126 - Revords -INFO - User is Member Since :- Member Since Feb 26, 2022
2024-10-21 13:11:01,340 - Revords -INFO - user's Current Points :- 577 Current Point
2024-10-21 13:11:01,590 - Revords -INFO - User's LifeTime Points :- 577 Lifetime Point
2024-10-21 13:11:01,764 - Revords -INFO - User's PhoneNumber is :- (630) 361-2749
2024-10-21 13:11:01,887 - Revords -INFO - Is Email Field Present :- true
2024-10-21 13:11:02,011 - Revords -INFO - Is Notes Field Present :- true
2024-10-21 13:30:23,488 - Revords -INFO - Login Successfull!!!! TC Passed
2024-10-21 13:34:36,941 - Revords -INFO - Login Successfull!!!! TC Passed
2024-10-21 13:44:36,656 - Revords -INFO - Login Successfull!!!! TC Passed
2024-10-21 13:47:09,926 - Revords -INFO - Login Successfull!!!! TC Passed
2024-10-21 14:00:04,938 - Revords -INFO - Login Successfull!!!! TC Passed
2024-10-21 14:03:59,817 - Revords -INFO - Login Successfull!!!! TC Passed
2024-10-21 14:08:00,234 - Revords -INFO - Login Successfull!!!! TC Passed
2024-10-21 14:12:00,322 - Revords -INFO - Login Successfull!!!! TC Passed
2024-10-21 14:21:50,530 - Revords -INFO - Login Successfull!!!! TC Passed
2024-10-21 14:21:53,277 - Revords -INFO - User Landed on Dashboard Page Successfully.TC Passed!!!!
2024-10-21 14:21:56,323 - Revords -INFO - Rewards are Visible on DashBoard Page!!!!
2024-10-21 14:21:56,567 - Revords -INFO - Landed on History Page Successfully
2024-10-21 14:22:26,615 - Revords -INFO - Unable to locate Search User Text Field
2024-10-21 14:23:19,072 - Revords -INFO - User's Details Are Not Visible
2024-10-21 14:24:04,105 - Revords -INFO - Guest User not Added!!! Need to delete existing Guest user first
2024-10-21 14:24:22,793 - Revords -INFO - User Name is :- User 2749
2024-10-21 14:24:23,047 - Revords -INFO - 
2024-10-21 14:24:23,706 - Revords -INFO - 578
2024-10-21 14:26:08,670 - Revords -INFO - Both Date and activity Dropdown is visible and Clickable, TC Passed
2024-10-21 14:26:43,987 - Revords -INFO - Entering UserName
2024-10-21 14:26:48,599 - Revords -INFO - Entering Password
2024-10-21 14:26:50,645 - Revords -INFO - Clicking Login Button
2024-10-22 09:38:25,308 - Revords -INFO - Entering UserName
2024-10-22 09:38:28,041 - Revords -INFO - Entering Password
2024-10-22 09:38:29,895 - Revords -INFO - Clicking Login Button
2024-10-22 09:39:44,598 - Revords -INFO - User is editable from Histroy List
2024-10-22 09:42:28,938 - Revords -INFO - Entering UserName
2024-10-22 09:42:31,687 - Revords -INFO - Entering Password
2024-10-22 09:42:33,547 - Revords -INFO - Clicking Login Button
2024-10-22 09:43:45,818 - Revords -INFO - User is editable from Histroy List
2024-10-22 09:46:19,887 - Revords -INFO - Entering UserName
2024-10-22 09:46:25,101 - Revords -INFO - Entering Password
2024-10-22 09:46:26,974 - Revords -INFO - Clicking Login Button
2024-10-22 09:47:44,250 - Revords -INFO - User is editable from Histroy List
2024-10-22 09:50:52,798 - Revords -INFO - Entering UserName
2024-10-22 09:50:55,754 - Revords -INFO - Entering Password
2024-10-22 09:50:57,658 - Revords -INFO - Clicking Login Button
2024-10-22 09:57:15,919 - Revords -INFO - Entering UserName
2024-10-22 09:57:18,884 - Revords -INFO - Entering Password
2024-10-22 09:57:20,722 - Revords -INFO - Clicking Login Button
2024-10-22 10:11:03,875 - Revords -INFO - User is not editable from History list
2024-10-22 10:11:03,887 - Revords -INFO - Entering UserName
2024-10-22 10:11:05,709 - Revords -INFO - Entering Password
2024-10-22 10:11:07,603 - Revords -INFO - Clicking Login Button
2024-10-22 10:26:59,285 - Revords -INFO - User is not editable from History list
2024-10-22 10:26:59,298 - Revords -INFO - Entering UserName
2024-10-22 10:27:01,103 - Revords -INFO - Entering Password
2024-10-22 10:27:02,960 - Revords -INFO - Clicking Login Button
2024-10-22 10:28:29,659 - Revords -INFO - Wifi Disabled
2024-10-22 10:28:29,833 - Revords -INFO - Cellular Data Disabled
2024-10-22 10:28:39,304 - Revords -INFO - Wifi Enabled
2024-10-22 10:59:12,923 - Revords -INFO - Login Successfull!!!! TC Passed
2024-10-22 10:59:15,986 - Revords -INFO - User Landed on Dashboard Page Successfully.TC Passed!!!!
2024-10-22 10:59:20,098 - Revords -INFO - Rewards are Visible on DashBoard Page!!!!
2024-10-22 10:59:20,686 - Revords -INFO - Landed on History Page Successfully
2024-10-22 10:59:50,761 - Revords -INFO - Unable to locate Search User Text Field
2024-10-22 11:00:40,671 - Revords -INFO - User's Details Are Not Visible
2024-10-22 11:01:25,701 - Revords -INFO - Guest User not Added!!! Need to delete existing Guest user first
2024-10-22 11:01:35,434 - Revords -INFO - User Name is :- User 2749
2024-10-22 11:01:35,561 - Revords -INFO - 0 reward
2024-10-22 11:01:36,163 - Revords -INFO - 0
2024-10-22 11:01:36,274 - Revords -INFO - 595
2024-10-22 11:01:37,260 - Revords -INFO - User Signout SuccessFully
2024-10-22 11:02:56,288 - Revords -INFO - Both Date and activity Dropdown is visible and Clickable, TC Passed
2024-10-22 11:03:47,600 - Revords -INFO - User is not editable from History list
2024-10-22 11:03:47,604 - Revords -INFO - Entering UserName
2024-10-22 11:03:49,358 - Revords -INFO - Entering Password
2024-10-22 11:03:49,612 - Revords -INFO - Clicking Login Button
2024-10-22 11:05:08,635 - Revords -INFO - Mobile Number Entered Successfully
2024-10-22 11:05:12,662 - Revords -INFO - New User Created successfully using mobile number
2024-10-22 11:05:12,782 - Revords -INFO - Wifi Disabled
2024-10-22 11:05:12,961 - Revords -INFO - Cellular Data Disabled
2024-10-22 11:05:19,317 - Revords -INFO - Connection Lost/No Network Available
2024-10-22 11:05:21,437 - Revords -INFO - Wifi Enabled
2024-10-22 11:05:26,617 - Revords -INFO - cellure data enabled
2024-10-22 11:05:35,596 - Revords -INFO - Connection Restored
2024-10-22 11:43:40,769 - Revords -INFO - Login Successfull!!!! TC Passed
2024-10-22 11:43:43,537 - Revords -INFO - User Landed on Dashboard Page Successfully.TC Passed!!!!
2024-10-22 11:43:48,118 - Revords -INFO - Rewards are Visible on DashBoard Page!!!!
2024-10-22 11:43:48,267 - Revords -INFO - Landed on History Page Successfully
2024-10-22 11:44:18,410 - Revords -INFO - Unable to locate Search User Text Field
2024-10-22 11:45:09,272 - Revords -INFO - User's Details Are Not Visible
2024-10-22 11:45:53,760 - Revords -INFO - Guest User not Added!!! Need to delete existing Guest user first
2024-10-22 11:46:03,963 - Revords -INFO - User Name is :- User 2749
2024-10-22 11:46:04,133 - Revords -INFO - Total Summary Rewards:- 0 reward
2024-10-22 11:46:04,680 - Revords -INFO - Total Earned Points:- 0
2024-10-22 11:46:04,827 - Revords -INFO - Summary Total:- 596
2024-10-22 11:46:05,790 - Revords -INFO - User Signout SuccessFully
2024-10-22 11:47:21,776 - Revords -INFO - Both Date and activity Dropdown is visible and Clickable, TC Passed
2024-10-22 11:48:12,423 - Revords -INFO - User is not editable from History list
2024-10-22 11:48:12,425 - Revords -INFO - Entering UserName
2024-10-22 11:48:14,199 - Revords -INFO - Entering Password
2024-10-22 11:48:14,491 - Revords -INFO - Clicking Login Button
2024-10-22 11:49:40,827 - Revords -INFO - Mobile Number Entered Successfully
2024-10-22 11:49:44,919 - Revords -INFO - New User Created successfully using mobile number
2024-10-22 11:49:45,018 - Revords -INFO - Wifi Disabled
2024-10-22 11:49:45,131 - Revords -INFO - Cellular Data Disabled
2024-10-22 11:49:51,539 - Revords -INFO - Connection Lost/No Network Available
2024-10-22 11:49:53,632 - Revords -INFO - Wifi Enabled
2024-10-22 11:49:58,772 - Revords -INFO - cellure data enabled
2024-10-22 11:50:08,118 - Revords -INFO - Connection Restored
2024-10-23 13:50:42,132 - Revords -INFO - Login Unsuccessfull !!!! TC Failed
2024-10-23 13:54:23,684 - Revords -INFO - User is not editable from History list
2024-10-23 13:54:23,693 - Revords -INFO - Entering UserName
2024-10-23 13:54:25,438 - Revords -INFO - Entering Password
2024-10-23 13:54:25,701 - Revords -INFO - Clicking Login Button
2024-10-23 13:56:09,530 - Revords -INFO - Mobile Number Entered Successfully
2024-10-23 13:56:13,223 - Revords -INFO - New User Created successfully using mobile number
2024-10-23 14:00:03,488 - Revords -INFO - Login Successfull!!!! TC Passed
2024-10-23 14:00:06,177 - Revords -INFO - User Landed on Dashboard Page Successfully.TC Passed!!!!
2024-10-23 14:00:09,692 - Revords -INFO - Rewards are Visible on DashBoard Page!!!!
2024-10-23 14:00:09,838 - Revords -INFO - Landed on History Page Successfully
2024-10-23 14:00:39,911 - Revords -INFO - Unable to locate Search User Text Field
2024-10-23 14:01:29,297 - Revords -INFO - User's Details Are Not Visible
2024-10-24 09:54:21,009 - Revords -INFO - App Installation status :- true
2024-10-24 09:54:48,468 - Revords -INFO - Login Failed!!!! Due to invalid credentials
2024-10-24 09:54:54,503 - Revords -INFO - Customer logged in successfully & Landed on Enter Information Page
2024-10-24 09:55:05,648 - Revords -INFO - Customer Unable to SignIn with less then 10 digit mobile number
2024-10-24 09:55:05,893 - Revords -INFO - Terms And Conditions link is visible  true
2024-10-24 09:55:07,313 - Revords -INFO - Customer landed on Terms AND Conditions Page
2024-10-24 09:55:19,020 - Revords -INFO - Entered Customer Name on Information Page
2024-10-24 09:55:19,780 - Revords -INFO - Entered Customer Email ID on Information Page
2024-10-24 09:55:20,939 - Revords -INFO - Opt-in And Opt-out Radio Buttons are visible and clickable
2024-10-24 10:07:09,695 - Revords -INFO - Login Successfull!!!! TC Passed
2024-10-24 10:07:12,349 - Revords -INFO - User Landed on Dashboard Page Successfully.TC Passed!!!!
2024-10-24 10:07:16,350 - Revords -INFO - Rewards are Visible on DashBoard Page!!!!
2024-10-24 10:07:17,072 - Revords -INFO - Landed on History Page Successfully
2024-10-24 10:07:47,284 - Revords -INFO - Unable to locate Search User Text Field
2024-10-24 10:09:55,553 - Revords -INFO - User's Details Are Not Visible
2024-10-24 10:10:41,154 - Revords -INFO - Guest User not Added!!! Need to delete existing Guest user first
2024-10-24 10:10:50,688 - Revords -INFO - User Name is :- User 2749
2024-10-24 10:10:50,816 - Revords -INFO - Total Summary Rewards:- 0 reward
2024-10-24 10:10:51,429 - Revords -INFO - Total Earned Points:- 0
2024-10-24 10:10:51,524 - Revords -INFO - Summary Total:- 636
2024-10-24 10:10:52,553 - Revords -INFO - User Signout SuccessFully
2024-10-24 10:11:57,122 - Revords -INFO - Both Date and activity Dropdown is visible and Clickable, TC Passed
2024-10-24 10:13:24,273 - Revords -INFO - App Installation status :- true
2024-10-24 10:13:29,266 - Revords -INFO - Login Failed!!!! Due to invalid credentials
2024-10-24 10:13:34,073 - Revords -INFO - Customer logged in successfully & Landed on Enter Information Page
2024-10-24 10:13:45,864 - Revords -INFO - Customer Unable to SignIn with less then 10 digit mobile number
2024-10-24 10:13:46,056 - Revords -INFO - Terms And Conditions link is visible  true
2024-10-24 10:13:47,277 - Revords -INFO - Customer landed on Terms AND Conditions Page
2024-10-24 10:13:57,448 - Revords -INFO - Entered Customer Name on Information Page
2024-10-24 10:13:59,364 - Revords -INFO - Entered Customer Email ID on Information Page
2024-10-24 10:14:01,422 - Revords -INFO - Opt-in And Opt-out Radio Buttons are visible and clickable
2024-10-24 13:53:22,460 - Revords -INFO - App Installation status :- true
2024-10-24 13:53:28,964 - Revords -INFO - Login Failed!!!! Due to invalid credentials
2024-10-24 13:53:35,167 - Revords -INFO - Customer logged in successfully
2024-10-24 13:53:35,168 - Revords -INFO - Customer logged in successfully & Landed on Enter Information Page
2024-10-24 13:53:48,297 - Revords -INFO - Customer Unable to SignIn with less then 10 digit mobile number
2024-10-24 13:53:48,660 - Revords -INFO - Terms And Conditions link is visible  true
2024-10-24 13:53:50,145 - Revords -INFO - Customer landed on Terms AND Conditions Page
2024-10-24 13:53:50,313 - Revords -INFO - Terms and Conditions Page is Closed
2024-10-24 13:54:02,175 - Revords -INFO - Customer is logged in Successfully using 10 digit Mobile Number
2024-10-24 13:54:02,175 - Revords -INFO - Customer is redirected to Enter Information Page
2024-10-24 13:54:03,115 - Revords -INFO - Entered Customer Name on Information Page
2024-10-24 13:54:05,338 - Revords -INFO - Entered Customer Email ID on Information Page
2024-10-24 13:55:40,036 - Revords -INFO - App Installation status :- true
2024-10-24 13:55:56,909 - Revords -INFO - Login Failed!!!! Due to invalid credentials
2024-10-24 13:56:02,796 - Revords -INFO - Customer logged in successfully
2024-10-24 13:56:02,796 - Revords -INFO - Customer logged in successfully & Landed on Enter Information Page
2024-10-24 13:57:02,679 - Revords -INFO - App Installation status :- true
2024-10-24 13:57:10,247 - Revords -INFO - Login Failed!!!! Due to invalid credentials
2024-10-24 13:57:16,032 - Revords -INFO - Customer logged in successfully
2024-10-24 13:57:16,033 - Revords -INFO - Customer logged in successfully & Landed on Enter Information Page
2024-10-24 13:58:53,147 - Revords -INFO - App Installation status :- true
2024-10-24 13:59:00,878 - Revords -INFO - Login Failed!!!! Due to invalid credentials
2024-10-24 13:59:06,651 - Revords -INFO - Customer logged in successfully
2024-10-24 13:59:06,652 - Revords -INFO - Customer logged in successfully & Landed on Enter Information Page
2024-10-24 13:59:20,238 - Revords -INFO - Customer Unable to SignIn with less then 10 digit mobile number
2024-10-24 13:59:20,576 - Revords -INFO - Terms And Conditions link is visible  true
2024-10-24 13:59:22,236 - Revords -INFO - Customer landed on Terms AND Conditions Page
2024-10-24 13:59:22,471 - Revords -INFO - Terms and Conditions Page is Closed
2024-10-24 13:59:34,471 - Revords -INFO - Customer is logged in Successfully using 10 digit Mobile Number
2024-10-24 13:59:34,472 - Revords -INFO - Customer is redirected to Enter Information Page
2024-10-24 13:59:35,378 - Revords -INFO - Entered Customer Name on Information Page
2024-10-24 13:59:37,643 - Revords -INFO - Entered Customer Email ID on Information Page
2024-10-24 13:59:39,152 - Revords -INFO - Customer clicked on Month DropDown
2024-10-24 14:01:32,978 - Revords -INFO - App Installation status :- true
2024-10-24 14:01:39,809 - Revords -INFO - Login Failed!!!! Due to invalid credentials
2024-10-24 14:01:45,575 - Revords -INFO - Customer logged in successfully
2024-10-24 14:01:45,575 - Revords -INFO - Customer logged in successfully & Landed on Enter Information Page
2024-10-24 14:01:58,059 - Revords -INFO - Customer Unable to SignIn with less then 10 digit mobile number
2024-10-24 14:01:58,355 - Revords -INFO - Terms And Conditions link is visible  true
2024-10-24 14:01:59,819 - Revords -INFO - Customer landed on Terms AND Conditions Page
2024-10-24 14:02:00,086 - Revords -INFO - Terms and Conditions Page is Closed
2024-10-24 14:02:11,754 - Revords -INFO - Customer is logged in Successfully using 10 digit Mobile Number
2024-10-24 14:02:11,755 - Revords -INFO - Customer is redirected to Enter Information Page
2024-10-24 14:02:12,533 - Revords -INFO - Entered Customer Name on Information Page
2024-10-24 14:02:15,253 - Revords -INFO - Entered Customer Email ID on Information Page
2024-10-24 14:02:16,296 - Revords -INFO - Customer clicked on Month DropDown
2024-10-24 14:02:18,575 - Revords -INFO - Customer choosed Birth Month
2024-10-24 14:02:19,584 - Revords -INFO - Customer clicked on Datedrop Down
2024-10-24 14:02:20,821 - Revords -INFO - Customer Choosed birth date
2024-10-24 14:02:23,147 - Revords -INFO - Opt-in And Opt-out Radio Buttons are visible and clickable
2024-10-24 14:02:23,763 - Revords -INFO - Customer Age CheckBox checked Successfully
2024-10-24 14:02:24,329 - Revords -INFO - Lets Start Button is Clicked
2024-10-24 14:02:25,178 - Revords -INFO - Clicked Cancel Button from POPUP
2024-10-24 14:04:26,403 - Revords -INFO - Login Successfull!!!! TC Passed
2024-10-24 14:04:29,039 - Revords -INFO - User Landed on Dashboard Page Successfully.TC Passed!!!!
2024-10-24 14:04:49,155 - Revords -INFO - Couldnt Found any Rewards on dashboard
2024-10-24 14:04:49,356 - Revords -INFO - Landed on History Page Successfully
2024-10-24 14:05:19,466 - Revords -INFO - Unable to locate Search User Text Field
2024-10-24 14:05:46,306 - Revords -INFO - User's Details Are Not Visible
2024-10-24 14:06:31,503 - Revords -INFO - Guest User not Added!!! Need to delete existing Guest user first
2024-10-24 14:06:41,952 - Revords -INFO - User Name is :- User 2749
2024-10-24 14:06:42,513 - Revords -INFO - Total Summary Rewards:- 0 reward
2024-10-24 14:06:42,773 - Revords -INFO - Total Earned Points:- 1
2024-10-24 14:06:42,921 - Revords -INFO - Summary Total:- 638
2024-10-24 14:06:44,654 - Revords -INFO - User Signout SuccessFully
2024-10-24 14:08:32,420 - Revords -INFO - Both Date and activity Dropdown are not interactable, TC Failed
2024-10-24 14:09:27,247 - Revords -INFO - User is not editable from History list
2024-10-24 14:09:27,250 - Revords -INFO - Entering UserName
2024-10-24 14:09:29,066 - Revords -INFO - Entering Password
2024-10-24 14:09:29,398 - Revords -INFO - Clicking Login Button
2024-10-24 14:11:33,957 - Revords -INFO - Mobile Number Entered Successfully
2024-10-24 14:12:31,316 - Revords -INFO - App Installation status :- true
2024-10-24 14:12:39,058 - Revords -INFO - Login Failed!!!! Due to invalid credentials
2024-10-24 14:12:44,656 - Revords -INFO - Customer logged in successfully
2024-10-24 14:12:44,657 - Revords -INFO - Customer logged in successfully & Landed on Enter Information Page
2024-10-24 14:12:57,086 - Revords -INFO - Customer Unable to SignIn with less then 10 digit mobile number
2024-10-24 14:12:57,360 - Revords -INFO - Terms And Conditions link is visible  true
2024-10-24 14:12:58,703 - Revords -INFO - Customer landed on Terms AND Conditions Page
2024-10-24 14:12:58,870 - Revords -INFO - Terms and Conditions Page is Closed
2024-10-24 14:13:10,040 - Revords -INFO - Customer is logged in Successfully using 10 digit Mobile Number
2024-10-24 14:13:10,040 - Revords -INFO - Customer is redirected to Enter Information Page
2024-10-24 14:13:10,883 - Revords -INFO - Entered Customer Name on Information Page
2024-10-24 14:13:12,145 - Revords -INFO - Entered Customer Email ID on Information Page
2024-10-24 14:13:14,542 - Revords -INFO - Customer clicked on Month DropDown
2024-10-24 14:13:16,823 - Revords -INFO - Customer choosed Birth Month
2024-10-24 14:13:17,830 - Revords -INFO - Customer clicked on Datedrop Down
2024-10-24 14:13:18,891 - Revords -INFO - Customer Choosed birth date
2024-10-24 14:13:20,977 - Revords -INFO - Opt-in And Opt-out Radio Buttons are visible and clickable
2024-10-24 14:13:21,657 - Revords -INFO - Customer Age CheckBox checked Successfully
2024-10-24 14:13:22,163 - Revords -INFO - Lets Start Button is Clicked
2024-10-24 14:13:22,957 - Revords -INFO - Clicked Cancel Button from POPUP
2024-10-25 09:40:31,381 - Revords -INFO - Customer landed on Terms AND Conditions Page
2024-10-25 09:48:38,860 - Revords -INFO - Customer landed on Terms AND Conditions Page
2024-10-25 09:53:06,411 - Revords -INFO - Customer landed on Terms AND Conditions Page
2024-10-25 15:47:04,975 - Revords -INFO - Login Successfull!!!! TC Passed
2024-10-25 15:47:07,239 - Revords -INFO - User Landed on Dashboard Page Successfully.TC Passed!!!!
2024-10-25 15:47:11,752 - Revords -INFO - Rewards are Visible on DashBoard Page!!!!
2024-10-25 15:47:11,922 - Revords -INFO - Landed on History Page Successfully
2024-10-25 15:47:42,039 - Revords -INFO - Unable to locate Search User Text Field
2024-10-25 15:48:14,157 - Revords -INFO - UserName is :- User 2749
2024-10-25 15:48:14,368 - Revords -INFO - User is Member Since :- Member Since Feb 26, 2022
2024-10-25 15:48:14,540 - Revords -INFO - user's Current Points :- 663 Current Point
2024-10-25 15:48:14,708 - Revords -INFO - User's LifeTime Points :- 663 Lifetime Point
2024-10-25 15:48:14,924 - Revords -INFO - User's PhoneNumber is :- (630) 361-2749
2024-10-25 15:48:15,019 - Revords -INFO - Is Email Field Present :- true
2024-10-25 15:48:15,135 - Revords -INFO - Is Notes Field Present :- true
2024-10-25 15:48:54,694 - Revords -INFO - Guest User not Added!!! Need to delete existing Guest user first
2024-10-25 15:49:04,475 - Revords -INFO - User Name is :- User 2749
2024-10-25 15:49:04,617 - Revords -INFO - Total Summary Rewards:- 0 reward
2024-10-25 15:49:05,192 - Revords -INFO - Total Earned Points:- 0
2024-10-25 15:49:05,298 - Revords -INFO - Summary Total:- 663
2024-10-25 15:49:06,271 - Revords -INFO - User Signout SuccessFully
2024-10-25 15:51:00,504 - Revords -INFO - Both Date and activity Dropdown are not interactable, TC Failed
2024-10-25 15:51:47,952 - Revords -INFO - User is not editable from History list
2024-10-25 15:51:47,956 - Revords -INFO - Entering UserName
2024-10-25 15:51:49,766 - Revords -INFO - Entering Password
2024-10-25 15:51:50,051 - Revords -INFO - Clicking Login Button
2024-10-25 15:53:33,500 - Revords -INFO - Mobile Number Entered Successfully
2024-10-25 15:53:36,869 - Revords -INFO - New User Created successfully using mobile number
2024-10-25 19:37:54,961 - Revords -INFO - Login Successfull!!!! TC Passed
2024-10-25 19:37:57,713 - Revords -INFO - User Landed on Dashboard Page Successfully.TC Passed!!!!
2024-10-25 19:38:01,944 - Revords -INFO - Rewards are Visible on DashBoard Page!!!!
2024-10-25 19:38:02,098 - Revords -INFO - Landed on History Page Successfully
2024-10-25 19:38:32,190 - Revords -INFO - Unable to locate Search User Text Field
2024-10-25 19:39:03,772 - Revords -INFO - UserName is :- USER 08963
2024-10-25 19:39:03,965 - Revords -INFO - User is Member Since :- Member Since Oct 25, 2024
2024-10-25 19:39:04,137 - Revords -INFO - user's Current Points :- 3 Current Point
2024-10-25 19:39:04,310 - Revords -INFO - User's LifeTime Points :- 3 Lifetime Point
2024-10-25 19:39:04,497 - Revords -INFO - User's PhoneNumber is :- (965) 870-8963
2024-10-25 19:39:04,587 - Revords -INFO - Is Email Field Present :- true
2024-10-25 19:39:04,702 - Revords -INFO - Is Notes Field Present :- true
2024-10-25 19:39:08,902 - Revords -INFO - Gust User Added Successfully!!!
2024-10-25 19:39:18,497 - Revords -INFO - User Name is :- NEW
2024-10-25 19:39:18,641 - Revords -INFO - Total Summary Rewards:- 0 reward
2024-10-25 19:39:19,224 - Revords -INFO - Total Earned Points:- 0
2024-10-25 19:39:19,349 - Revords -INFO - Summary Total:- 0
2024-10-25 19:39:20,344 - Revords -INFO - User Signout SuccessFully
2024-10-25 19:40:32,536 - Revords -INFO - Both Date and activity Dropdown is visible and Clickable, TC Passed
2024-10-25 19:41:20,391 - Revords -INFO - User is not editable from History list
2024-10-25 19:41:20,394 - Revords -INFO - Entering UserName
2024-10-25 19:41:22,184 - Revords -INFO - Entering Password
2024-10-25 19:41:22,469 - Revords -INFO - Clicking Login Button
2024-10-25 19:42:55,571 - Revords -INFO - Mobile Number Entered Successfully
2024-10-25 19:43:49,431 - Revords -INFO - App Installation status :- true
2024-10-25 19:43:56,884 - Revords -INFO - Login Failed!!!! Due to invalid credentials
2024-10-25 19:44:00,443 - Revords -INFO - Clicked Login Button
2024-10-25 19:44:01,787 - Revords -INFO - Customer logged in successfully
2024-10-25 19:44:01,788 - Revords -INFO - Customer logged in successfully & Landed on Dashboard Page
2024-10-25 19:44:12,630 - Revords -INFO - Customer Unable to SignIn with less then 10 digit mobile number
2024-10-25 19:44:12,837 - Revords -INFO - Terms And Conditions link is visible  true
2024-10-25 19:44:14,001 - Revords -INFO - Customer landed on Terms AND Conditions Page
2024-10-25 19:44:14,122 - Revords -INFO - Terms and Conditions Page is Closed
2024-10-28 15:19:58,804 - Revords -INFO - Login Successfull!!!! TC Passed
2024-10-28 15:20:02,225 - Revords -INFO - User Landed on Dashboard Page Successfully.TC Passed!!!!
2024-10-28 15:20:04,232 - Revords -INFO - Rewards are Visible on DashBoard Page!!!!
2024-10-28 15:20:04,399 - Revords -INFO - Landed on History Page Successfully
2024-10-28 15:20:52,591 - Revords -INFO - Unable to locate Search User Text Field
2024-10-28 15:21:23,527 - Revords -INFO - UserName is :- USER 08963
2024-10-28 15:21:23,711 - Revords -INFO - User is Member Since :- Member Since Oct 25, 2024
2024-10-28 15:21:23,889 - Revords -INFO - user's Current Points :- 72 Current Point
2024-10-28 15:21:24,080 - Revords -INFO - User's LifeTime Points :- 72 Lifetime Point
2024-10-28 15:21:24,237 - Revords -INFO - User's PhoneNumber is :- (965) 870-8963
2024-10-28 15:21:24,313 - Revords -INFO - Is Email Field Present :- true
2024-10-28 15:21:24,400 - Revords -INFO - Is Notes Field Present :- true
2024-10-28 15:21:28,773 - Revords -INFO - Gust User Added Successfully!!!
2024-10-28 15:21:38,355 - Revords -INFO - User Name is :- Anonymous 4
2024-10-28 15:21:38,989 - Revords -INFO - Total Summary Rewards:- Earned points
2024-10-28 15:21:39,155 - Revords -INFO - Total Earned Points:- New Total
2024-10-28 15:21:39,296 - Revords -INFO - Summary Total:- 
2024-10-28 15:21:40,082 - Revords -INFO - User Signout SuccessFully
2024-10-28 15:22:19,148 - Revords -INFO - Both Date and activity Dropdown is visible and Clickable, TC Passed
2024-10-28 15:23:06,441 - Revords -INFO - User is not editable from History list
2024-10-28 15:23:06,444 - Revords -INFO - Entering UserName
2024-10-28 15:23:08,227 - Revords -INFO - Entering Password
2024-10-28 15:23:08,495 - Revords -INFO - Clicking Login Button
2024-10-28 15:24:24,215 - Revords -INFO - Mobile Number Entered Successfully
2024-10-28 15:24:27,482 - Revords -INFO - New User Created successfully using mobile number
2024-10-28 15:24:58,950 - Revords -INFO - App Installation status :- true
2024-10-28 15:31:12,056 - Revords -INFO - App Installation status :- true
2024-10-28 15:33:06,674 - Revords -INFO - App Installation status :- true
2024-10-28 15:37:13,163 - Revords -INFO - App Installation status :- true
2024-10-28 15:37:17,729 - Revords -INFO - Login Failed!!!! Due to invalid credentials
2024-10-28 15:37:20,755 - Revords -INFO - Clicked Login Button
2024-10-28 15:37:22,073 - Revords -INFO - Customer logged in successfully
2024-10-28 15:37:22,073 - Revords -INFO - Customer logged in successfully & Landed on Dashboard Page
2024-10-28 15:37:32,706 - Revords -INFO - Customer Unable to SignIn with less then 10 digit mobile number
2024-10-28 15:49:20,400 - Revords -INFO - App Installation status :- true
2024-10-28 15:49:24,504 - Revords -INFO - Login Failed!!!! Due to invalid credentials
2024-10-28 15:49:28,184 - Revords -INFO - Clicked Login Button
2024-10-28 15:49:28,962 - Revords -INFO - Customer logged in successfully
2024-10-28 15:49:28,962 - Revords -INFO - Customer logged in successfully & Landed on Dashboard Page
2024-10-28 15:49:40,499 - Revords -INFO - Customer Unable to SignIn with less then 10 digit mobile number
2024-10-28 15:49:40,730 - Revords -INFO - Terms And Conditions link is visible  true
2024-10-28 15:49:41,555 - Revords -INFO - Customer landed on Terms AND Conditions Page
2024-10-28 15:49:41,682 - Revords -INFO - Terms and Conditions Page is Closed
2024-10-28 15:49:51,176 - Revords -INFO - Customer is logged in Successfully using 10 digit Mobile Number
2024-10-28 15:49:51,177 - Revords -INFO - Customer is redirected to Enter Information Page
2024-10-28 15:53:18,964 - Revords -INFO - App Installation status :- true
2024-10-28 15:53:23,527 - Revords -INFO - Login Failed!!!! Due to invalid credentials
2024-10-28 15:53:26,504 - Revords -INFO - Clicked Login Button
2024-10-28 15:53:27,233 - Revords -INFO - Customer logged in successfully
2024-10-28 15:53:27,234 - Revords -INFO - Customer logged in successfully & Landed on Dashboard Page
2024-10-28 15:53:38,008 - Revords -INFO - Customer Unable to SignIn with less then 10 digit mobile number
2024-10-28 15:53:38,220 - Revords -INFO - Terms And Conditions link is visible  true
2024-10-28 15:53:39,025 - Revords -INFO - Customer landed on Terms AND Conditions Page
2024-10-28 15:53:39,165 - Revords -INFO - Terms and Conditions Page is Closed
2024-10-28 15:53:47,959 - Revords -INFO - Customer is logged in Successfully using 10 digit Mobile Number
2024-10-28 15:53:47,959 - Revords -INFO - Customer is redirected to Enter Information Page
2024-10-28 15:53:48,417 - Revords -INFO - Entered Customer Name on Information Page
2024-10-28 15:54:00,745 - Revords -INFO - Entered Customer Email ID on Information Page
2024-10-28 15:54:02,246 - Revords -INFO - Customer clicked on Month DropDown
2024-10-28 15:54:04,166 - Revords -INFO - Customer choosed Birth Month
2024-10-28 15:54:04,599 - Revords -INFO - Customer clicked on Datedrop Down
2024-10-28 15:54:05,597 - Revords -INFO - Customer Choosed birth date
2024-10-28 15:54:06,629 - Revords -INFO - Opt-in And Opt-out Radio Buttons are visible and clickable
2024-10-28 15:54:07,265 - Revords -INFO - Lets Start Button is Clicked
2024-10-28 15:54:07,932 - Revords -INFO - Clicked Cancel Button from POPUP
2024-10-28 16:34:22,685 - Revords -INFO - Login Successfull!!!! TC Passed
2024-10-28 16:34:24,257 - Revords -INFO - User Landed on Dashboard Page Successfully.TC Passed!!!!
2024-10-28 16:34:25,851 - Revords -INFO - Rewards are Visible on DashBoard Page!!!!
2024-10-28 16:34:26,945 - Revords -INFO - Landed on History Page Successfully
2024-10-28 16:34:55,426 - Revords -INFO - Search User Field is visible and working on history Page
2024-10-28 16:35:35,091 - Revords -INFO - UserName is :- USER 08963
2024-10-28 16:35:35,278 - Revords -INFO - User is Member Since :- Member Since Oct 25, 2024
2024-10-28 16:35:35,450 - Revords -INFO - user's Current Points :- 73 Current Point
2024-10-28 16:35:35,612 - Revords -INFO - User's LifeTime Points :- 73 Lifetime Point
2024-10-28 16:35:35,769 - Revords -INFO - User's PhoneNumber is :- (965) 870-8963
2024-10-28 16:35:35,861 - Revords -INFO - Is Email Field Present :- true
2024-10-28 16:35:35,963 - Revords -INFO - Is Notes Field Present :- true
2024-10-28 16:35:40,522 - Revords -INFO - Gust User Added Successfully!!!
2024-10-28 16:36:12,681 - Revords -INFO - Both Date and activity Dropdown is visible and Clickable, TC Passed
2024-10-28 16:36:58,090 - Revords -INFO - User is not editable from History list
2024-10-28 16:36:58,094 - Revords -INFO - Entering UserName
2024-10-28 16:36:59,858 - Revords -INFO - Entering Password
2024-10-28 16:37:00,146 - Revords -INFO - Clicking Login Button
2024-10-28 16:38:14,582 - Revords -INFO - Mobile Number Entered Successfully
2024-10-28 16:38:17,496 - Revords -INFO - New User Created successfully using mobile number
2024-10-28 16:38:47,147 - Revords -INFO - App Installation status :- true
2024-10-28 16:38:51,859 - Revords -INFO - Login Failed!!!! Due to invalid credentials
2024-10-28 16:38:54,743 - Revords -INFO - Clicked Login Button
2024-10-28 16:38:55,402 - Revords -INFO - Customer logged in successfully
2024-10-28 16:38:55,402 - Revords -INFO - Customer logged in successfully & Landed on Dashboard Page
2024-10-28 16:39:06,222 - Revords -INFO - Customer Unable to SignIn with less then 10 digit mobile number
2024-10-28 16:39:06,417 - Revords -INFO - Terms And Conditions link is visible  true
2024-10-28 16:39:07,222 - Revords -INFO - Customer landed on Terms AND Conditions Page
2024-10-28 16:42:45,405 - Revords -INFO - Customer is logged in Successfully using 10 digit Mobile Number
2024-10-28 16:42:45,406 - Revords -INFO - Customer is redirected to Enter Information Page
2024-10-28 16:42:45,765 - Revords -INFO - Entered Customer Name on Information Page
2024-10-28 16:42:47,897 - Revords -INFO - Entered Customer Email ID on Information Page
2024-10-28 16:42:48,727 - Revords -INFO - Customer clicked on Month DropDown
2024-10-28 16:42:50,574 - Revords -INFO - Customer choosed Birth Month
2024-10-28 16:42:50,981 - Revords -INFO - Customer clicked on Datedrop Down
2024-10-28 16:42:51,509 - Revords -INFO - Customer Choosed birth date
2024-10-28 16:42:52,465 - Revords -INFO - Opt-in And Opt-out Radio Buttons are visible and clickable
2024-10-28 16:42:53,075 - Revords -INFO - Lets Start Button is Clicked
2024-10-28 16:42:53,776 - Revords -INFO - Clicked Cancel Button from POPUP
2024-10-28 16:55:32,862 - Revords -INFO - Login Successfull!!!! TC Passed
2024-10-28 16:55:33,881 - Revords -INFO - User Landed on Dashboard Page Successfully.TC Passed!!!!
2024-10-28 16:55:36,115 - Revords -INFO - Rewards are Visible on DashBoard Page!!!!
2024-10-28 16:55:36,280 - Revords -INFO - Landed on History Page Successfully
2024-10-28 16:55:54,799 - Revords -INFO - Search User Field is visible and working on history Page
2024-10-28 16:56:35,130 - Revords -INFO - UserName is :- USER 08963
2024-10-28 16:56:35,323 - Revords -INFO - User is Member Since :- Member Since Oct 25, 2024
2024-10-28 16:56:35,493 - Revords -INFO - user's Current Points :- 74 Current Point
2024-10-28 16:56:35,673 - Revords -INFO - User's LifeTime Points :- 74 Lifetime Point
2024-10-28 16:56:35,821 - Revords -INFO - User's PhoneNumber is :- (965) 870-8963
2024-10-28 16:56:35,884 - Revords -INFO - Is Email Field Present :- true
2024-10-28 16:56:35,973 - Revords -INFO - Is Notes Field Present :- true
2024-10-28 16:56:40,038 - Revords -INFO - Gust User Added Successfully!!!
2024-10-28 16:56:49,981 - Revords -INFO - User Name is :- NEW
2024-10-28 16:56:50,140 - Revords -INFO - Total Summary Rewards:- 0 reward
2024-10-28 16:56:50,708 - Revords -INFO - Total Earned Points:- 0
2024-10-28 16:56:50,853 - Revords -INFO - Summary Total:- 0
2024-10-28 16:56:51,861 - Revords -INFO - User Signout SuccessFully
2024-10-28 16:57:12,708 - Revords -INFO - Both Date and activity Dropdown is visible and Clickable, TC Passed
2024-10-28 16:57:58,063 - Revords -INFO - User is not editable from History list
2024-10-28 16:57:58,066 - Revords -INFO - Entering UserName
2024-10-28 16:57:59,840 - Revords -INFO - Entering Password
2024-10-28 16:58:00,084 - Revords -INFO - Clicking Login Button
2024-10-28 16:59:26,080 - Revords -INFO - Mobile Number Entered Successfully
2024-10-28 16:59:28,943 - Revords -INFO - New User Created successfully using mobile number
2024-10-28 16:59:57,835 - Revords -INFO - App Installation status :- true
2024-10-28 17:00:02,674 - Revords -INFO - Login Failed!!!! Due to invalid credentials
2024-10-28 17:00:06,144 - Revords -INFO - Clicked Login Button
2024-10-28 17:00:06,870 - Revords -INFO - Customer logged in successfully
2024-10-28 17:00:06,870 - Revords -INFO - Customer logged in successfully & Landed on Dashboard Page
2024-10-28 17:00:17,885 - Revords -INFO - Customer Unable to SignIn with less then 10 digit mobile number
2024-10-28 17:00:18,053 - Revords -INFO - Terms And Conditions link is visible  true
2024-10-28 17:00:18,876 - Revords -INFO - Customer landed on Terms AND Conditions Page
2024-10-28 17:01:06,241 - Revords -INFO - Customer is logged in Successfully using 10 digit Mobile Number
2024-10-28 17:01:06,241 - Revords -INFO - Customer is redirected to Enter Information Page
2024-10-28 17:01:06,627 - Revords -INFO - Entered Customer Name on Information Page
2024-10-28 17:01:08,638 - Revords -INFO - Entered Customer Email ID on Information Page
2024-10-28 17:01:09,512 - Revords -INFO - Customer clicked on Month DropDown
2024-10-28 17:01:11,411 - Revords -INFO - Customer choosed Birth Month
2024-10-28 17:01:11,872 - Revords -INFO - Customer clicked on Datedrop Down
2024-10-28 17:01:12,360 - Revords -INFO - Customer Choosed birth date
2024-10-28 17:01:13,408 - Revords -INFO - Opt-in And Opt-out Radio Buttons are visible and clickable
2024-10-28 17:01:14,029 - Revords -INFO - Lets Start Button is Clicked
2024-10-28 17:01:14,708 - Revords -INFO - Clicked Cancel Button from POPUP
2024-10-28 17:01:28,847 - Revords -INFO - UserName Entered
2024-10-28 17:01:31,644 - Revords -INFO - Customer logged in successfully & Landed on Dashboard Page
2024-10-28 17:01:41,981 - Revords -INFO - Customer is already Signed In
2024-10-28 17:25:31,376 - Revords -INFO - Entering UserName
2024-10-28 17:25:34,146 - Revords -INFO - Entering Password
2024-10-28 17:25:34,428 - Revords -INFO - Clicking Login Button
2024-10-28 18:04:18,218 - Revords -INFO - Entering UserName
2024-10-28 18:04:20,920 - Revords -INFO - Entering Password
2024-10-28 18:04:21,243 - Revords -INFO - Clicking Login Button
2024-10-28 18:05:34,061 - Revords -INFO - Entering UserName
2024-10-28 18:06:04,525 - Revords -INFO - Entering UserName
2024-10-28 18:06:07,266 - Revords -INFO - Entering Password
2024-10-28 18:06:07,562 - Revords -INFO - Clicking Login Button
2024-10-28 18:15:06,050 - Revords -INFO - Entering UserName
2024-10-28 18:15:08,736 - Revords -INFO - Entering Password
2024-10-28 18:15:09,078 - Revords -INFO - Clicking Login Button
2024-10-28 18:20:44,846 - Revords -INFO - Entering UserName
2024-10-28 18:20:47,541 - Revords -INFO - Entering Password
2024-10-28 18:20:47,851 - Revords -INFO - Clicking Login Button
2024-10-28 18:29:40,101 - Revords -INFO - Login Successfull!!!! TC Passed
2024-10-28 18:29:41,632 - Revords -INFO - User Landed on Dashboard Page Successfully.TC Passed!!!!
2024-10-28 18:29:43,263 - Revords -INFO - Rewards are Visible on DashBoard Page!!!!
2024-10-28 18:29:44,084 - Revords -INFO - Landed on History Page Successfully
2024-10-28 18:30:06,341 - Revords -INFO - Search User Field is visible and working on history Page
2024-10-28 18:30:46,314 - Revords -INFO - UserName is :- USER 08963
2024-10-28 18:30:46,508 - Revords -INFO - User is Member Since :- Member Since Oct 25, 2024
2024-10-28 18:30:46,720 - Revords -INFO - user's Current Points :- 76 Current Point
2024-10-28 18:30:46,887 - Revords -INFO - User's LifeTime Points :- 76 Lifetime Point
2024-10-28 18:30:47,065 - Revords -INFO - User's PhoneNumber is :- (965) 870-8963
2024-10-28 18:30:47,142 - Revords -INFO - Is Email Field Present :- true
2024-10-28 18:30:47,234 - Revords -INFO - Is Notes Field Present :- true
2024-10-28 18:30:51,823 - Revords -INFO - Gust User Added Successfully!!!
2024-10-28 18:31:02,646 - Revords -INFO - User Name is :- Anonymous 5
2024-10-28 18:31:02,792 - Revords -INFO - Total Summary Rewards:- Earned points
2024-10-28 18:31:02,958 - Revords -INFO - Total Earned Points:- New Total
2024-10-28 18:31:03,531 - Revords -INFO - Summary Total:- 
2024-10-28 18:31:04,827 - Revords -INFO - User Signout SuccessFully
2024-10-28 18:31:35,682 - Revords -INFO - Both Date and activity Dropdown is visible and Clickable, TC Passed
2024-10-28 18:32:22,308 - Revords -INFO - User is not editable from History list
2024-10-28 18:32:22,310 - Revords -INFO - Entering UserName
2024-10-28 18:32:24,102 - Revords -INFO - Entering Password
2024-10-28 18:32:24,394 - Revords -INFO - Clicking Login Button
2024-10-28 18:33:50,979 - Revords -INFO - Mobile Number Entered Successfully
2024-10-28 18:33:54,313 - Revords -INFO - New User Created successfully using mobile number
2024-10-28 18:34:20,960 - Revords -INFO - Entering UserName
2024-10-28 18:34:24,497 - Revords -INFO - Entering Password
2024-10-28 18:34:24,779 - Revords -INFO - Clicking Login Button
2024-10-28 18:34:36,965 - Revords -INFO - Disabling Wifi at Home Page
2024-10-28 18:34:37,212 - Revords -INFO - Clicked BackButton when Wifi is not present
2024-10-28 18:34:47,324 - Revords -INFO - Enabling Wifi...
2024-10-28 18:34:52,093 - Revords -INFO - Clicked Home Tab after Connection Restore
2024-10-28 18:35:02,247 - Revords -INFO - Disabling Wifi at History Tab
2024-10-28 18:35:02,486 - Revords -INFO - Clicked BackButton when Wifi is not present
2024-10-28 18:35:12,602 - Revords -INFO - Enabling Wifi...
2024-10-28 18:35:17,179 - Revords -INFO - History Tab is Visible and Clicked After Network Restore
2024-10-28 18:35:31,074 - Revords -INFO - App Installation status :- true
2024-10-28 18:36:21,107 - Revords -INFO - Login Failed!!!! Due to invalid credentials
2024-10-28 18:36:24,128 - Revords -INFO - Clicked Login Button
2024-10-28 18:36:24,859 - Revords -INFO - Customer logged in successfully
2024-10-28 18:36:24,860 - Revords -INFO - Customer logged in successfully & Landed on Dashboard Page
2024-10-28 18:36:35,762 - Revords -INFO - Customer Unable to SignIn with less then 10 digit mobile number
2024-10-28 18:36:35,963 - Revords -INFO - Terms And Conditions link is visible  true
2024-10-28 18:36:36,761 - Revords -INFO - Customer landed on Terms AND Conditions Page
2024-10-28 18:37:07,626 - Revords -INFO - Customer is logged in Successfully using 10 digit Mobile Number
2024-10-28 18:37:07,627 - Revords -INFO - Customer is redirected to Enter Information Page
2024-10-28 18:37:08,085 - Revords -INFO - Entered Customer Name on Information Page
2024-10-28 18:37:09,606 - Revords -INFO - Entered Customer Email ID on Information Page
2024-10-28 18:37:10,478 - Revords -INFO - Customer clicked on Month DropDown
2024-10-28 18:37:12,466 - Revords -INFO - Customer choosed Birth Month
2024-10-28 18:37:12,943 - Revords -INFO - Customer clicked on Datedrop Down
2024-10-28 18:37:13,942 - Revords -INFO - Customer Choosed birth date
2024-10-28 18:37:14,994 - Revords -INFO - Opt-in And Opt-out Radio Buttons are visible and clickable
2024-10-28 18:37:15,643 - Revords -INFO - Lets Start Button is Clicked
2024-10-28 18:37:16,324 - Revords -INFO - Clicked Cancel Button from POPUP
2024-10-28 18:37:30,410 - Revords -INFO - UserName Entered
2024-10-28 18:37:32,977 - Revords -INFO - Customer logged in successfully & Landed on Dashboard Page
2024-10-28 18:37:40,861 - Revords -INFO - Existing Customer entered Mobile Number
2024-10-28 18:37:43,179 - Revords -INFO - Customer is already Signed In
2024-10-28 19:06:03,940 - Revords -INFO - Login Successfull!!!! TC Passed
2024-10-28 19:06:05,044 - Revords -INFO - User Landed on Dashboard Page Successfully.TC Passed!!!!
2024-10-28 19:06:08,836 - Revords -INFO - Rewards are Visible on DashBoard Page!!!!
2024-10-28 19:06:08,979 - Revords -INFO - Landed on History Page Successfully
2024-10-28 19:06:30,596 - Revords -INFO - Search User Field is visible and working on history Page
2024-10-28 19:07:12,039 - Revords -INFO - UserName is :- USER 08963
2024-10-28 19:07:12,209 - Revords -INFO - User is Member Since :- Member Since Oct 25, 2024
2024-10-28 19:07:12,395 - Revords -INFO - user's Current Points :- 77 Current Point
2024-10-28 19:07:12,554 - Revords -INFO - User's LifeTime Points :- 77 Lifetime Point
2024-10-28 19:07:12,738 - Revords -INFO - User's PhoneNumber is :- (965) 870-8963
2024-10-28 19:07:12,814 - Revords -INFO - Is Email Field Present :- true
2024-10-28 19:07:12,911 - Revords -INFO - Is Notes Field Present :- true
2024-10-28 19:07:17,562 - Revords -INFO - Gust User Added Successfully!!!
2024-10-28 19:08:16,801 - Revords -INFO - Both Date and activity Dropdown is visible and Clickable, TC Passed
2024-10-28 19:09:03,696 - Revords -INFO - User is not editable from History list
2024-10-28 19:09:03,700 - Revords -INFO - Entering UserName
2024-10-28 19:09:05,506 - Revords -INFO - Entering Password
2024-10-28 19:09:05,791 - Revords -INFO - Clicking Login Button
2024-10-28 19:10:31,112 - Revords -INFO - Mobile Number Entered Successfully
2024-10-28 19:10:34,680 - Revords -INFO - New User Created successfully using mobile number
2024-10-28 19:11:01,321 - Revords -INFO - Entering UserName
2024-10-28 19:11:04,851 - Revords -INFO - Entering Password
2024-10-28 19:11:05,138 - Revords -INFO - Clicking Login Button
2024-10-28 19:11:17,821 - Revords -INFO - Disabling Wifi at Home Page
2024-10-28 19:11:18,080 - Revords -INFO - Clicked BackButton when Wifi is not present
2024-10-28 19:11:28,201 - Revords -INFO - Enabling Wifi...
2024-10-28 19:11:33,151 - Revords -INFO - Clicked Home Tab after Connection Restore
2024-10-28 19:11:43,778 - Revords -INFO - Disabling Wifi at History Tab
2024-10-28 19:11:43,995 - Revords -INFO - Clicked BackButton when Wifi is not present
2024-10-28 19:11:54,104 - Revords -INFO - Enabling Wifi...
2024-10-28 19:11:58,811 - Revords -INFO - History Tab is Visible and Clicked After Network Restore
2024-10-28 19:12:09,011 - Revords -INFO - Disabling Wifi at New Tab
2024-10-28 19:12:09,382 - Revords -INFO - Clicked BackButton when Wifi is not present
2024-10-28 19:12:19,498 - Revords -INFO - Enabling Wifi...
2024-10-28 19:12:22,110 - Revords -INFO - NewUser Tab is Visible and Clicked After Network Restore
2024-10-28 19:12:32,593 - Revords -INFO - Disabling Wifi at Setting Tab
2024-10-28 19:12:32,881 - Revords -INFO - Clicked BackButton when Wifi is not present
2024-10-28 19:12:42,993 - Revords -INFO - Enabling Wifi...
2024-10-28 19:12:46,195 - Revords -INFO - Setting Tab is Visible and Clicked After Network Restore
2024-10-28 19:12:58,995 - Revords -INFO - App Installation status :- true
2024-10-28 19:13:49,718 - Revords -INFO - Login Failed!!!! Due to invalid credentials
2024-10-28 19:13:52,693 - Revords -INFO - Clicked Login Button
2024-10-28 19:13:53,398 - Revords -INFO - Customer logged in successfully
2024-10-28 19:13:53,399 - Revords -INFO - Customer logged in successfully & Landed on Dashboard Page
2024-10-28 19:14:03,976 - Revords -INFO - Customer Unable to SignIn with less then 10 digit mobile number
2024-10-28 19:14:04,197 - Revords -INFO - Terms And Conditions link is visible  true
2024-10-28 19:14:05,110 - Revords -INFO - Customer landed on Terms AND Conditions Page
2024-10-28 19:18:59,969 - Revords -INFO - Login Successfull!!!! TC Passed
2024-10-28 19:19:01,868 - Revords -INFO - User Landed on Dashboard Page Successfully.TC Passed!!!!
2024-10-28 19:19:04,183 - Revords -INFO - Rewards are Visible on DashBoard Page!!!!
2024-10-28 19:19:04,363 - Revords -INFO - Landed on History Page Successfully
2024-10-28 19:19:27,713 - Revords -INFO - Search User Field is visible and working on history Page
2024-10-28 19:20:26,723 - Revords -INFO - User's Details Are Not Visible
2024-10-28 19:20:31,460 - Revords -INFO - Gust User Added Successfully!!!
2024-10-28 19:21:41,570 - Revords -INFO - Both Date and activity Dropdown is visible and Clickable, TC Passed
2024-10-28 19:22:28,609 - Revords -INFO - User is not editable from History list
2024-10-28 19:22:28,613 - Revords -INFO - Entering UserName
2024-10-28 19:22:30,404 - Revords -INFO - Entering Password
2024-10-28 19:22:30,714 - Revords -INFO - Clicking Login Button
2024-10-28 19:23:50,897 - Revords -INFO - Mobile Number Entered Successfully
2024-10-28 19:23:54,316 - Revords -INFO - New User Created successfully using mobile number
2024-10-28 19:24:20,970 - Revords -INFO - Entering UserName
2024-10-28 19:24:24,473 - Revords -INFO - Entering Password
2024-10-28 19:24:24,775 - Revords -INFO - Clicking Login Button
2024-10-28 19:24:37,440 - Revords -INFO - Disabling Wifi at Home Page
2024-10-28 19:24:37,735 - Revords -INFO - Clicked BackButton when Wifi is not present
2024-10-28 19:24:47,849 - Revords -INFO - Enabling Wifi...
2024-10-28 19:24:52,883 - Revords -INFO - Clicked Home Tab after Connection Restore
2024-10-28 19:25:03,079 - Revords -INFO - Disabling Wifi at History Tab
2024-10-28 19:25:03,314 - Revords -INFO - Clicked BackButton when Wifi is not present
2024-10-28 19:25:13,426 - Revords -INFO - Enabling Wifi...
2024-10-28 19:25:18,333 - Revords -INFO - History Tab is Visible and Clicked After Network Restore
2024-10-28 19:25:28,530 - Revords -INFO - Disabling Wifi at New Tab
2024-10-28 19:25:28,895 - Revords -INFO - Clicked BackButton when Wifi is not present
2024-10-28 19:25:39,007 - Revords -INFO - Enabling Wifi...
2024-10-28 19:25:41,353 - Revords -INFO - NewUser Tab is Visible and Clicked After Network Restore
2024-10-28 19:25:51,844 - Revords -INFO - Disabling Wifi at Setting Tab
2024-10-28 19:25:52,166 - Revords -INFO - Clicked BackButton when Wifi is not present
2024-10-28 19:26:02,284 - Revords -INFO - Enabling Wifi...
2024-10-28 19:26:05,096 - Revords -INFO - Setting Tab is Visible and Clicked After Network Restore
2024-10-28 19:26:17,888 - Revords -INFO - App Installation status :- true
2024-10-28 19:27:08,654 - Revords -INFO - Login Failed!!!! Due to invalid credentials
2024-10-28 19:27:12,314 - Revords -INFO - Clicked Login Button
2024-10-28 19:27:13,049 - Revords -INFO - Customer logged in successfully
2024-10-28 19:27:13,050 - Revords -INFO - Customer logged in successfully & Landed on Dashboard Page
2024-10-28 19:27:23,632 - Revords -INFO - Customer Unable to SignIn with less then 10 digit mobile number
2024-10-28 19:27:23,853 - Revords -INFO - Terms And Conditions link is visible  true
2024-10-28 19:27:24,810 - Revords -INFO - Customer landed on Terms AND Conditions Page
2024-10-28 19:27:59,832 - Revords -INFO - Customer is logged in Successfully using 10 digit Mobile Number
2024-10-28 19:27:59,832 - Revords -INFO - Customer is redirected to Enter Information Page
2024-10-28 19:28:00,443 - Revords -INFO - Entered Customer Name on Information Page
2024-10-28 19:28:01,687 - Revords -INFO - Entered Customer Email ID on Information Page
2024-10-28 19:28:02,661 - Revords -INFO - Customer clicked on Month DropDown
2024-10-28 19:28:04,881 - Revords -INFO - Customer choosed Birth Month
2024-10-28 19:28:05,413 - Revords -INFO - Customer clicked on Datedrop Down
2024-10-28 19:28:06,027 - Revords -INFO - Customer Choosed birth date
2024-10-28 19:28:07,460 - Revords -INFO - Opt-in And Opt-out Radio Buttons are visible and clickable
2024-10-28 19:28:08,261 - Revords -INFO - Lets Start Button is Clicked
2024-10-28 19:28:08,958 - Revords -INFO - Clicked Cancel Button from POPUP
2024-10-28 19:28:32,958 - Revords -INFO - UserName Entered
2024-10-28 19:28:35,192 - Revords -INFO - Customer logged in successfully & Landed on Dashboard Page
2024-10-28 19:28:43,064 - Revords -INFO - Existing Customer entered Mobile Number
2024-10-28 19:28:45,375 - Revords -INFO - Customer is already Signed In
